Storm 1.1.1 (dev)

Date: Thu Oct 19 22:38:46 2017
Command line arguments: --prism uav/uav.prism --prop uav/properties.props single1 -const COUNTER=0,B1=1000 --sound --eqsolver native --native:method power -tm 
Current working directory: /home/tim.quatmann/rewb23

Time for model construction: 0.458s.

-------------------------------------------------------------- 
Model type: 	MDP (sparse)
States: 	9695
Transitions: 	59868
Choices: 	19222
Reward Models:  time
State Labels: 	3 labels
   * deadlock -> 0 item(s)
   * init -> 1 item(s)
   * ((w1 & w2) & w6) -> 6414 item(s)
Choice Labels: 	none
-------------------------------------------------------------- 

Model checking property Pmax=? [true U{"time"}<=1000 ((w1 & w2) & w6)] ...
Objective/Dimension/Epoch count is: 1/1/102.
---------------------------------
Statistics:
---------------------------------
          #checked epochs: 102.
             overall Time: 0.994s.
Epoch Model building Time: 0.477s.
Epoch Model checking Time: 0.516s.
---------------------------------
Implicit unfolding statistics: 
 Memory Product size: 12975
  maxSolutionsStored: 6
Occurring Epoch model sizes: 3688 9695 
---------------------------------------------

Result (for initial states): 0.999990063
Time for model checking: 1.088s.

Performance statistics:
  * peak memory usage: 220MB
  * CPU time: 1.588s
  * wallclock time: 1.613s

real	0m1.761s
user	0m1.592s
sys	0m0.152s
