Storm 1.1.1 (dev)

Date: Thu Oct 19 22:38:26 2017
Command line arguments: --prism resources/resources5_5.prism --prop resources/properties.prctl multi1 -const B1=10,B2=10,B3=130 --sound --eqsolver native --native:method power -tm 
Current working directory: /home/tim.quatmann/rewb23

Time for model construction: 0.421s.

-------------------------------------------------------------- 
Model type: 	MDP (sparse)
States: 	94
Transitions: 	326
Choices: 	302
Reward Models:  steps, gold, gem
State Labels: 	2 labels
   * deadlock -> 0 item(s)
   * init -> 1 item(s)
Choice Labels: 	none
-------------------------------------------------------------- 

Model checking property multi(Pmax=? [true U[{"gold"}>10 ,{"steps"}<=130 ]true], Pmax=? [true U[{"gem"}>10 ,{"steps"}<=130 ]true]) ...
Objective/Dimension/Epoch count is: 2/4/17930.
WVC statistics: 
                overall Time: 15.165s.
---------------------------------------------
     #checked weight vectors: 3.
             #checked epochs: 53790.
#Sched reused from prev. ep.: 53790.
   Epoch Model building time: 12.818s.
   Epoch Model checking time: 1.938s.
Implicit unfolding statistics: 
 Memory Product size: 376
  maxSolutionsStored: 5731
Occurring Epoch model sizes: 1 1 1 94 1 94 94 94 1 1 1 94 1 94 94 94 1 1 1 94 1 94 94 94 
---------------------------------------------

Result (for initial states): 
Underapproximation of achievable values: Polytope with 4 Halfspaces:
   (         1,          0) * x <= 0.999991
   (         1,   0.999344) * x <= 0.999991
   (         0,          1) * x <= 1
   (         1,          1) * x <= 1

Overapproximation of achievable values: Polytope with 3 Halfspaces:
   (         1,          0) * x <= 0.999991
   (         0,          1) * x <= 1
   (  0.500002,   0.499998) * x <= 0.500002

3 pareto optimal points found (Note that these points are safe, i.e., contained in the underapproximation, but there is no guarantee for optimality):
   (         0,          1 )
   (  0.986022,   0.013978 )
   (0.9999908333,          0 )


Time for model checking: 15.192s.

Performance statistics:
  * peak memory usage: 218MB
  * CPU time: 15.484s
  * wallclock time: 15.669s

real	0m16.265s
user	0m15.492s
sys	0m0.288s
