Storm 1.3.1 (dev)

Date: Tue Feb  5 23:39:58 2019
Command line arguments: --prism nand/nand.prism --prop nand/nand.props --constants 'N=60,K=100' --sound '--native:method' ii --statistics --timemem
Current working directory: /home/tim.quatmann/reward-bounded-dtmc/benchmarks

 WARN (NativeEquationSolverSettings.cpp:123): Native is not selected as the preferred equation solver, so setting options for native might have no effect.
Time for model input parsing: 0.016s.

Time for model construction: 15.780s.

-------------------------------------------------------------- 
Model type: 	DTMC (sparse)
States: 	2366116
Transitions: 	3745591
Reward Models:  u
State Labels: 	3 labels
   * deadlock -> 0 item(s)
   * init -> 1 item(s)
   * ((c = 60) & ((z / 60) < 1/10)) -> 12 item(s)
Choice Labels: 	none
-------------------------------------------------------------- 

Model checking property "reliable": P=? [true U^{rew{"u"}>=(((2 * 100) + 1) - 1) , rew{"u"}<=(((2 * 100) + 1) - 1) }((c = 60) & ((z / 60) < 1/10))] ...
---------------------------------
Statistics:
---------------------------------
          #checked epochs: 202.
             overall Time: 101.946s.
Epoch Model building Time: 11.292s.
Epoch Model checking Time: 71.896s.
---------------------------------
Result (for initial states): 0.716575115
Time for model checking: 102.199s.

Performance statistics:
  * peak memory usage: 1621MB
  * CPU time: 116.455s
  * wallclock time: 118.032s

real	1m58.591s
user	1m56.463s
sys	0m1.266s
