Storm 1.1.1 (dev)

Date: Fri Oct 20 00:22:27 2017
Command line arguments: --prism firewire/firewire.prism --prop firewire/properties.props single1 -const delay=36,B1=10000,B2=10 --sound --eqsolver native --native:method power -tm 
Current working directory: /home/tim.quatmann/rewb21

Time for model construction: 0.161s.

-------------------------------------------------------------- 
Model type: 	MDP (sparse)
States: 	776
Transitions: 	1411
Choices: 	1189
Reward Models:  time, rounds
State Labels: 	3 labels
   * deadlock -> 0 item(s)
   * init -> 1 item(s)
   * done -> 1 item(s)
Choice Labels: 	none
-------------------------------------------------------------- 

Model checking property Pmin=? [true U[{"time"}<=10000 ,{"rounds"}<=10 ]"done"] ...
Objective/Dimension/Epoch count is: 1/2/120024.
---------------------------------
Statistics:
---------------------------------
          #checked epochs: 120024.
             overall Time: 44.674s.
Epoch Model building Time: 18.536s.
Epoch Model checking Time: 25.726s.
---------------------------------
Implicit unfolding statistics: 
 Memory Product size: 1551
  maxSolutionsStored: 10013
Occurring Epoch model sizes: 776 776 776 776 
---------------------------------------------

Result (for initial states): 0.9990234375
Time for model checking: 44.842s.

Performance statistics:
  * peak memory usage: 219MB
  * CPU time: 44.904s
  * wallclock time: 45.016s

real	0m45.099s
user	0m44.912s
sys	0m0.144s
