Storm 1.1.1 (dev)

Date: Fri Oct 20 00:41:23 2017
Command line arguments: --prism firewire/firewire.prism --prop firewire/properties.props multi1 -const delay=36,B1=10000,B2=10 --sound --eqsolver native --native:method power -tm 
Current working directory: /home/tim.quatmann/rewb23

Time for model construction: 0.336s.

-------------------------------------------------------------- 
Model type: 	MDP (sparse)
States: 	776
Transitions: 	1411
Choices: 	1189
Reward Models:  time, rounds
State Labels: 	3 labels
   * deadlock -> 0 item(s)
   * init -> 1 item(s)
   * done -> 1 item(s)
Choice Labels: 	none
-------------------------------------------------------------- 

Model checking property multi(Pmin=? [true U{"time"}<=10000 "done"], Pmin=? [true U{"rounds"}<=10 "done"]) ...
Objective/Dimension/Epoch count is: 2/2/120024.
WVC statistics: 
                overall Time: 224.102s.
---------------------------------------------
     #checked weight vectors: 2.
             #checked epochs: 240048.
#Sched reused from prev. ep.: 136732.
   Epoch Model building time: 73.650s.
   Epoch Model checking time: 149.143s.
Implicit unfolding statistics: 
 Memory Product size: 3101
  maxSolutionsStored: 20023
Occurring Epoch model sizes: 776 776 776 776 776 776 776 776 
---------------------------------------------

Result (for initial states): 
Underapproximation of achievable values: Polytope with 2 Halfspaces:
   (         0,         -1) * x <= -0.999023
   (        -1,          0) * x <= -1

Overapproximation of achievable values: Polytope with 2 Halfspaces:
   (        -1,          0) * x <= -1
   (         0,         -1) * x <= -0.999023

1 pareto optimal points found (Note that these points are safe, i.e., contained in the underapproximation, but there is no guarantee for optimality):
   (         1, 0.9990234375 )


Time for model checking: 224.713s.

Performance statistics:
  * peak memory usage: 870MB
  * CPU time: 224.328s
  * wallclock time: 225.065s

real	3m45.260s
user	3m44.336s
sys	0m0.876s
