Storm 1.3.1 (dev)

Date: Mon Feb  4 16:03:07 2019
Command line arguments: --prism crowds/crowds.prism --prop crowds/crowds.props --constants 'TotalRuns=20,CrowdSize=20' --sound '--native:method' ii --statistics --timemem
Current working directory: /home/tim.quatmann/reward-bounded-dtmc/benchmarks

 WARN (NativeEquationSolverSettings.cpp:123): Native is not selected as the preferred equation solver, so setting options for native might have no effect.
Time for model input parsing: 0.015s.

Time for model construction: 0.026s.

-------------------------------------------------------------- 
Model type: 	DTMC (sparse)
States: 	143
Transitions: 	563
Reward Models:  runCount, observe0
State Labels: 	2 labels
   * deadlock -> 0 item(s)
   * init -> 1 item(s)
Choice Labels: 	none
-------------------------------------------------------------- 

Model checking property "positive": P=? [true U^{rew{"runCount"}<=20 , rew{"observe0"}>1 }true] ...
---------------------------------
Statistics:
---------------------------------
          #checked epochs: 66.
             overall Time: 0.028s.
Epoch Model building Time: 0.001s.
Epoch Model checking Time: 0.022s.
---------------------------------
Result (for initial states): 0.6258191671
Time for model checking: 0.028s.

Performance statistics:
  * peak memory usage: 43MB
  * CPU time: 0.112s
  * wallclock time: 0.078s

real	0m0.144s
user	0m0.120s
sys	0m0.019s
