Storm 1.3.1 (dev)

Date: Tue Feb  5 07:22:36 2019
Command line arguments: --prism nand/nand.prism --prop nand/nand.props --constants 'N=60,K=10' --sound '--native:method' ii --statistics --timemem
Current working directory: /home/tim.quatmann/reward-bounded-dtmc/benchmarks

 WARN (NativeEquationSolverSettings.cpp:123): Native is not selected as the preferred equation solver, so setting options for native might have no effect.
Time for model input parsing: 0.004s.

Time for model construction: 15.547s.

-------------------------------------------------------------- 
Model type: 	DTMC (sparse)
States: 	2366116
Transitions: 	3745591
Reward Models:  u
State Labels: 	3 labels
   * deadlock -> 0 item(s)
   * init -> 1 item(s)
   * ((c = 60) & ((z / 60) < 1/10)) -> 12 item(s)
Choice Labels: 	none
-------------------------------------------------------------- 

Model checking property "reliable": P=? [true U^{rew{"u"}>=(((2 * 10) + 1) - 1) , rew{"u"}<=(((2 * 10) + 1) - 1) }((c = 60) & ((z / 60) < 1/10))] ...
---------------------------------
Statistics:
---------------------------------
          #checked epochs: 22.
             overall Time: 44.232s.
Epoch Model building Time: 11.167s.
Epoch Model checking Time: 13.983s.
---------------------------------
Result (for initial states): 0.7164977099
Time for model checking: 44.488s.

Performance statistics:
  * peak memory usage: 1621MB
  * CPU time: 58.894s
  * wallclock time: 60.055s

real	1m0.123s
user	0m58.906s
sys	0m1.171s
