Storm 1.1.1 (dev)

Date: Thu Oct 19 22:38:48 2017
Command line arguments: --prism service/service.prism --prop service/properties.prctl multi1 -const B1=2400 --sound --eqsolver native --native:method power -tm 
Current working directory: /home/tim.quatmann/rewb23

Time for model construction: 1.629s.

-------------------------------------------------------------- 
Model type: 	MDP (sparse)
States: 	76800
Transitions: 	165376
Choices: 	148736
Reward Models:  time, interaction
State Labels: 	3 labels
   * deadlock -> 0 item(s)
   * init -> 1 item(s)
   * taskdone -> 3200 item(s)
Choice Labels: 	none
-------------------------------------------------------------- 

Model checking property multi(Pmax=? [true U{"time"}<=2400 "taskdone"], R[exp]{"interaction"}max=? [C{"time"}<=2400]) ...
Objective/Dimension/Epoch count is: 2/2/162.
WVC statistics: 
                overall Time: 540.618s.
---------------------------------------------
     #checked weight vectors: 34.
             #checked epochs: 5508.
#Sched reused from prev. ep.: 5474.
   Epoch Model building time: 410.500s.
   Epoch Model checking time: 128.493s.
Implicit unfolding statistics: 
 Memory Product size: 150400
  maxSolutionsStored: 31
Occurring Epoch model sizes: 1888 83200 1888 83200 1888 83200 1888 83200 1888 83200 1888 83200 1888 83200 1888 83200 1888 83200 1888 83200 1888 83200 1888 83200 1888 83200 1888 83200 1888 83200 1888 83200 1888 83200 1888 83200 1888 83200 1888 83200 1888 83200 1888 83200 1888 83200 1888 83200 1888 83200 1888 83200 1888 83200 1888 83200 1888 83200 1888 83200 1888 83200 1888 83200 1888 83200 1888 83200 
---------------------------------------------

Result (for initial states): 
Underapproximation of achievable values: Polytope with 33 Halfspaces:
   (         1,  0.0464037) * x <= 2.76186
   (         1,  0.0453731) * x <= 2.72185
   (         1,  0.0543405) * x <= 3.07202
   (         1,  0.0576953) * x <= 3.20377
   (         1,  0.0319778) * x <= 2.20688
   (         1,   0.036911) * x <= 2.39582
   (         1,  0.0394212) * x <= 2.49223
   (         1,  0.0490995) * x <= 2.86687
   (         1,  0.0433501) * x <= 2.64355
   (         1,  0.0230763) * x <= 1.86888
   (         1, 0.000128538) * x <= 1.00127
   (5.71063e-14,          1) * x <= 40
   (         1, 0.000608057) * x <= 1.01923
   (         1,  0.0295287) * x <= 2.11379
   (         1, 0.00673553) * x <= 1.25018
   (         1,        0.1) * x <= 4.87243
   (         1,   0.233333) * x <= 10.2043
   (         0,          1) * x <= 40
   (         1,  0.0339472) * x <= 2.28213
   (         1,          0) * x <= 0.996621
   (         1, 9.93961e-07) * x <= 0.996621
   (         1,  0.0414221) * x <= 2.56921
   (         1, 0.00986176) * x <= 1.36829
   (         1,  0.0704134) * x <= 3.70428
   (         1, 0.00391384) * x <= 1.14379
   (         1,  0.0196571) * x <= 1.73925
   (         1,        0.1) * x <= 4.87243
   (         1,  0.0509598) * x <= 2.93953
   (         1,       0.18) * x <= 8.07136
   (         1,  0.0625697) * x <= 3.39546
   (         1,  0.0329473) * x <= 2.24386
   (         1,  0.0804641) * x <= 4.10042
   (         1,  0.0754569) * x <= 3.90301

Overapproximation of achievable values: Polytope with 34 Halfspaces:
   (         1,          0) * x <= 0.996621
   (         0,          1) * x <= 40
   (   0.97569,  0.0243098) * x <= 1.89156
   (  0.672815,   0.327185) * x <= 13.6734
   (  0.943633,  0.0563671) * x <= 3.09885
   (  0.913427,  0.0865734) * x <= 4.26214
   (  0.959257,  0.0407432) * x <= 2.50343
   (  0.906603,  0.0933972) * x <= 4.5268
   (  0.999903, 9.69691e-05) * x <= 1.00002
   (  0.997605, 0.00239494) * x <= 1.08417
   (  0.953791,  0.0462094) * x <= 2.71019
   (  0.966375,  0.0336252) * x <= 2.23682
   (  0.931091,  0.0689091) * x <= 3.58094
   (  0.988067,  0.0119334) * x <= 1.43487
   (  0.827068,   0.172932) * x <= 7.63779
   (  0.950434,  0.0495662) * x <= 2.8382
   (  0.909091,  0.0909091) * x <= 4.42948
   (  0.968607,  0.0313933) * x <= 2.1536
   (  0.956976,  0.0430242) * x <= 2.58939
   (  0.926325,  0.0736745) * x <= 3.76436
   (  0.992254, 0.00774646) * x <= 1.28066
   (  0.961894,  0.0381055) * x <= 2.40444
   (  0.938308,  0.0616916) * x <= 3.3034
   (   0.94724,  0.0527602) * x <= 2.96047
   (  0.978977,  0.0210235) * x <= 1.77015
   (  0.952256,  0.0477437) * x <= 2.7686
   (   0.96965,    0.03035) * x <= 2.11492
   (  0.956096,  0.0439042) * x <= 2.62266
   (  0.810811,   0.189189) * x <= 8.27376
   (  0.999788, 0.000212146) * x <= 1.00419
   (  0.847458,   0.152542) * x <= 6.84014
   (   0.96773,  0.0322698) * x <= 2.18621
   (   0.99399, 0.00601002) * x <= 1.21683
   (  0.963172,  0.0368281) * x <= 2.35661

32 pareto optimal points found (Note that these points are safe, i.e., contained in the underapproximation, but there is no guarantee for optimality):
   (0.9281837049, 39.42419922 )
   (0.9297909775, 39.40289867 )
   (0.9319792733, 39.37182083 )
   (0.9966213514, 3.681493963e-14 )
   (0.8726707797, 39.99271822 )
   (0.8929077716, 39.79520282 )
   (0.9872107786, 38.14119506 )
   (0.994819254, 37.87064665 )
   (0.8709716982,         40 )
   (0.9348340472, 39.32619535 )
   (0.9379916301, 39.2714668 )
   (0.9423624171, 39.19103341 )
   (0.9914441508, 38.00881029 )
   (0.9656845658, 38.70501892 )
   (0.9956954189, 37.78180193 )
   (0.9799592144, 38.35866019 )
   (0.9604085069, 38.82130052 )
   (0.9780011216, 38.4117092 )
   (0.9543015204, 38.95290597 )
   (0.9756620728, 38.47104407 )
   (0.9721101389, 38.55679384 )
   (0.9965851316, 36.43987151 )
   (0.9206692831, 39.51758771 )
   (0.9929402261, 37.95814513 )
   (0.9940137242, 37.91162569 )
   (0.9964537377, 37.46209339 )
   (6.788313081e-14,         40 )
   (0.9829019607, 38.27197425 )
   (0.9963223883, 37.67810827 )
   (0.8737630464, 39.98665007 )
   (0.9491331099, 39.05816991 )
   (0.9962232661, 37.70343432 )


Time for model checking: 541.378s.

Performance statistics:
  * peak memory usage: 251MB
  * CPU time: 542.376s
  * wallclock time: 543.034s

real	9m3.195s
user	9m2.384s
sys	0m0.704s
