Storm 1.1.1 (dev)

Date: Fri Oct 20 02:23:00 2017
Command line arguments: --prism uav/uav.prism --prop uav/properties.props multi1 -const COUNTER=0,B1=1000 --sound --eqsolver native --native:method power -tm 
Current working directory: /home/tim.quatmann/rewb21

Time for model construction: 0.419s.

-------------------------------------------------------------- 
Model type: 	MDP (sparse)
States: 	9695
Transitions: 	59868
Choices: 	19222
Reward Models:  time, ROZ
State Labels: 	3 labels
   * deadlock -> 0 item(s)
   * init -> 1 item(s)
   * ((w1 & w2) & w6) -> 6414 item(s)
Choice Labels: 	none
-------------------------------------------------------------- 

Model checking property multi(Pmax=? [true U{"time"}<=1000 ((w1 & w2) & w6)], R[exp]{"ROZ"}min=? [C{"time"}<=1000]) ...
Objective/Dimension/Epoch count is: 2/2/102.
WVC statistics: 
                overall Time: 38.824s.
---------------------------------------------
     #checked weight vectors: 21.
             #checked epochs: 2142.
#Sched reused from prev. ep.: 1552.
   Epoch Model building time: 15.039s.
   Epoch Model checking time: 23.435s.
Implicit unfolding statistics: 
 Memory Product size: 12975
  maxSolutionsStored: 13
Occurring Epoch model sizes: 3688 9695 3688 9695 3688 9695 3688 9695 3688 9695 3688 9695 3688 9695 3688 9695 3688 9695 3688 9695 3688 9695 3688 9695 3688 9695 3688 9695 3688 9695 3688 9695 3688 9695 3688 9695 3688 9695 3688 9695 3688 9695 
---------------------------------------------

Result (for initial states): 
Underapproximation of achievable values: Polytope with 22 Halfspaces:
   (         1,  -0.691735) * x <= 0.61187
   (         1,  -0.151544) * x <= 0.912322
   (         1,   -0.22679) * x <= 0.870334
   (  0.782458,         -1) * x <= 0.229827
   (  0.722206,         -1) * x <= 0.210351
   (  0.631805,         -1) * x <= 0.183452
   (         1,          0) * x <= 0.99999
   (         0,         -1) * x <= 0
   (         1,  -0.008619) * x <= 0.992892
   (         1, -0.00701121) * x <= 0.993874
   (         1,  -0.410511) * x <= 0.768126
   (         1, -0.0366139) * x <= 0.976875
   (         1, -2.26248e-05) * x <= 0.999916
   (1.16996e-12,         -1) * x <= 0
   (         1, -0.0583759) * x <= 0.964539
   (  0.751686,         -1) * x <= 0.21961
   (  0.789314,         -1) * x <= 0.232258
   (  0.790098,         -1) * x <= 0.232568
   (         1,  -0.991599) * x <= 0.44557
   (  0.678177,         -1) * x <= 0.197124
   (    0.7353,         -1) * x <= 0.21441
   (  0.903402,         -1) * x <= 0.344945

Overapproximation of achievable values: Polytope with 21 Halfspaces:
   (         1,          0) * x <= 0.99999
   (         0,         -1) * x <= 0
   (  0.764864,  -0.235136) * x <= 0.631377
   (  0.358263,  -0.641737) * x <= 0.104026
   (  0.440663,  -0.559337) * x <= 0.129617
   (  0.998708, -0.0012922) * x <= 0.997527
   (  0.988981, -0.0110188) * x <= 0.980524
   (   0.44211,   -0.55789) * x <= 0.131058
   (    0.4258,    -0.5742) * x <= 0.124254
   (  0.528749,  -0.471251) * x <= 0.265019
   (   0.92288, -0.0771202) * x <= 0.877125
   (  0.992829, -0.00717067) * x <= 0.986619
   (  0.412356,  -0.587644) * x <= 0.119993
   (  0.441356,  -0.558644) * x <= 0.129912
   (  0.435144,  -0.564856) * x <= 0.127551
   (    0.3967,    -0.6033) * x <= 0.115256
   (  0.845798,  -0.154202) * x <= 0.757117
   (  0.489045,  -0.510955) * x <= 0.203524
   (  0.632825,  -0.367175) * x <= 0.426419
   (  0.953686,  -0.046314) * x <= 0.925172
   (  0.421262,  -0.578738) * x <= 0.122759

21 pareto optimal points found (Note that these points are safe, i.e., contained in the underapproximation, but there is no guarantee for optimality):
   (0.9936185291, 0.5526918049 )
   (0.9918247794, 0.5510713285 )
   (0.3945200424, 0.07914179577 )
   (0.9999360305, 0.8646141575 )
   (0.9978236823, 0.5721449583 )
   (         0,          0 )
   (0.999990063, 3.252820557 )
   (0.3004073159, 0.006605059281 )
   (0.9968852421, 0.5580119453 )
   (0.9976307668, 0.5668760454 )
   (0.9962188355, 0.5556305884 )
   (0.9981549023, 0.6105739926 )
   (0.9972562199, 0.5604599254 )
   (0.3320167959, 0.02996242375 )
   (0.99549498, 0.5545841539 )
   (0.3173489689, 0.01893682746 )
   (0.2948305638, 0.002823034746 )
   (0.3546707451, 0.04768819042 )
   (0.3099864456, 0.01352316667 )
   (0.9965011282, 0.5563182493 )
   (0.2903623582, 3.397132659e-13 )


Time for model checking: 38.899s.

Performance statistics:
  * peak memory usage: 220MB
  * CPU time: 39.216s
  * wallclock time: 39.346s

real	0m39.429s
user	0m39.224s
sys	0m0.164s
