Storm 1.1.1 (dev)

Date: Wed Oct 18 09:20:18 2017
Command line arguments: --prism rover/unfolded_rover.prism --prop rover/unfolded_properties.props single1 -const B1=99,B2=-1,B3=180,B4=100 -e sparse --sound --eqsolver native --native:method power -tm 
Current working directory: /home/tim.quatmann/rewb21

Time for model construction: 20.663s.

-------------------------------------------------------------- 
Model type: 	MDP (sparse)
States: 	1376208
Transitions: 	2580390
Choices: 	1720260
Reward Models:  none
State Labels: 	6 labels
   * deadlock -> 0 item(s)
   * init -> 1 item(s)
   * bound1 -> 1349280 item(s)
   * bound4 -> 1357760 item(s)
   * bound3 -> 1342224 item(s)
   * done -> 86013 item(s)
Choice Labels: 	none
-------------------------------------------------------------- 

Model checking property Pmax=? [F (((!("bound1") & "bound3") & "bound4") & done)] ...
Result (for initial states): 0.8094402709
Time for model checking: 3.389s.

Performance statistics:
  * peak memory usage: 324MB
  * CPU time: 23.844s
  * wallclock time: 24.071s

real	0m24.157s
user	0m23.852s
sys	0m0.272s
