Storm 1.1.1 (dev)

Date: Wed Oct 18 04:54:00 2017
Command line arguments: --prism wlan/unfolded_wlan6.nm --prop wlan/unfolded_properties.prctl single1 -const COL=0,B1=10000 -e dd --sound --eqsolver native --native:method power -tm 
Current working directory: /home/tim.quatmann/rewb23

Time for model construction: 33.121s.

-------------------------------------------------------------- 
Model type: 	MDP (symbolic)
States: 	574445492 (71277 nodes)
Transitions: 	1314772136 (270612 nodes)
Choices: 	727616292
Reward Models:  none
Variables: 	rows: 14 meta variables (61 DD variables), columns: 14 meta variables (61 DD variables), nondeterminism: 7 meta variables (7 DD variables)
Labels: 	3
   * deadlock -> 0 state(s) (1 nodes)
   * init -> 1 state(s) (62 nodes)
   * bound1
-------------------------------------------------------------- 

Model checking property Pmin=? [F ("bound1" & ((s1 = 12) & (s2 = 12)))] ...
Result (for initial states): 0.999123278
Time for model checking: 2258.842s.

Performance statistics:
  * peak memory usage: 341MB
  * CPU time: 2290.232s
  * wallclock time: 2292.243s

real	38m12.393s
user	38m10.236s
sys	0m1.744s
