Storm 1.3.1 (dev)

Date: Tue Feb  5 10:03:26 2019
Command line arguments: --prism nand/unfolded_nand.prism --prop nand/unfolded_nand.props --constants 'N=60,K=10' --sound '--native:method' ii --statistics --timemem
Current working directory: /home/tim.quatmann/reward-bounded-dtmc/benchmarks

 WARN (NativeEquationSolverSettings.cpp:123): Native is not selected as the preferred equation solver, so setting options for native might have no effect.
Time for model input parsing: 0.006s.

Time for model construction: 286.924s.

-------------------------------------------------------------- 
Model type: 	DTMC (sparse)
States: 	47043062
Transitions: 	74389172
Reward Models:  none
State Labels: 	3 labels
   * deadlock -> 0 item(s)
   * init -> 1 item(s)
   * ((s = 4) & ((z / 60) < 1/10)) -> 6 item(s)
Choice Labels: 	none
-------------------------------------------------------------- 

Model checking property "reliable": P=? [F ((s = 4) & ((z / 60) < 1/10))] ...
Result (for initial states): 0.7164977099
Time for model checking: 76.309s.

Performance statistics:
  * peak memory usage: 10775MB
  * CPU time: 358.616s
  * wallclock time: 363.262s

real	6m3.329s
user	5m58.627s
sys	0m4.490s
