Storm 1.3.1 (dev)

Date: Wed Feb  6 03:41:57 2019
Command line arguments: --prism nand/unfolded_nand.prism --prop nand/unfolded_nand.props --constants 'N=60,K=100' --sound '--native:method' ii --statistics --timemem
Current working directory: /home/tim.quatmann/reward-bounded-dtmc/benchmarks

 WARN (NativeEquationSolverSettings.cpp:123): Native is not selected as the preferred equation solver, so setting options for native might have no effect.
Time for model input parsing: 0.004s.

Time for model construction: 2982.504s.

-------------------------------------------------------------- 
Model type: 	DTMC (sparse)
States: 	470297762
Transitions: 	743643572
Reward Models:  none
State Labels: 	3 labels
   * deadlock -> 0 item(s)
   * init -> 1 item(s)
   * ((s = 4) & ((z / 60) < 1/10)) -> 6 item(s)
Choice Labels: 	none
-------------------------------------------------------------- 

Model checking property "reliable": P=? [F ((s = 4) & ((z / 60) < 1/10))] ...
Result (for initial states): 0.716575115
Time for model checking: 1099.208s.

Performance statistics:
  * peak memory usage: 109663MB
  * CPU time: 3880.185s
  * wallclock time: 4082.334s

real	68m2.400s
user	64m40.201s
sys	3m19.088s
