Storm 1.3.1 (dev)

Date: Tue Feb  5 05:07:32 2019
Command line arguments: --prism nand/unfolded_nand.prism --prop nand/unfolded_nand.props --constants 'N=60,K=4' --engine dd --statistics --timemem
Current working directory: /home/tim.quatmann/reward-bounded-dtmc/benchmarks

Time for model input parsing: 0.005s.

Time for model construction: 7.970s.

-------------------------------------------------------------- 
Model type: 	DTMC (symbolic)
States: 	18826082 (14593 nodes)
Transitions: 	29772212 (97921 nodes)
Reward Models:  none
Variables: 	rows: 8 meta variables (33 DD variables), columns: 8 meta variables (33 DD variables)
Labels: 	2
   * deadlock -> 0 state(s) (1 nodes)
   * init -> 1 state(s) (34 nodes)
-------------------------------------------------------------- 

Model checking property "reliable": P=? [F ((s = 4) & ((z / 60) < 1/10))] ...

real	120m0.032s
user	119m49.297s
sys	0m5.036s
