Storm 1.3.1 (dev)

Date: Wed Feb  6 01:41:57 2019
Command line arguments: --prism nand/unfolded_nand.prism --prop nand/unfolded_nand.props --constants 'N=60,K=100' --engine dd --statistics --timemem
Current working directory: /home/tim.quatmann/reward-bounded-dtmc/benchmarks

Time for model input parsing: 0.040s.

Time for model construction: 214.617s.

-------------------------------------------------------------- 
Model type: 	DTMC (symbolic)
States: 	470297762 (14601 nodes)
Transitions: 	743643572 (97958 nodes)
Reward Models:  none
Variables: 	rows: 8 meta variables (37 DD variables), columns: 8 meta variables (37 DD variables)
Labels: 	2
   * deadlock -> 0 state(s) (1 nodes)
   * init -> 1 state(s) (38 nodes)
-------------------------------------------------------------- 

Model checking property "reliable": P=? [F ((s = 4) & ((z / 60) < 1/10))] ...

real	120m0.015s
user	119m50.102s
sys	0m4.620s
