Storm 1.1.1 (dev)

Date: Wed Oct 18 03:52:23 2017
Command line arguments: --prism service/unfolded_service.prism --prop service/unfolded_properties.prctl multi1 -const B1=2400 -e sparse --sound --eqsolver native --native:method power -tm 
Current working directory: /home/tim.quatmann/rewb21

Time for model construction: 105.936s.

-------------------------------------------------------------- 
Model type: 	MDP (sparse)
States: 	5582812
Transitions: 	12140835
Choices: 	10898089
Reward Models:  interaction
State Labels: 	4 labels
   * init -> 1 item(s)
   * taskdone -> 189759 item(s)
   * deadlock -> 0 item(s)
   * bound1 -> 5506012 item(s)
Choice Labels: 	none
-------------------------------------------------------------- 

Model checking property multi(Pmax=? [F ("bound1" & "taskdone")], R[exp]{"interaction"}max=? [F !("bound1")]) ...
Result (for initial states): 
Underapproximation of achievable values: Polytope with 23 Halfspaces:
   (         1,  0.0509051) * x <= 2.98741
   (         1,    0.05637) * x <= 3.2041
   (         1,  0.0167426) * x <= 1.64828
   (         1,  0.0200293) * x <= 1.7764
   (         1,          0) * x <= 0.996621
   (         1, 0.000517347) * x <= 1.01648
   (         1, 0.000201224) * x <= 1.00425
   (         1,  0.0798046) * x <= 4.13429
   (         1,   0.012707) * x <= 1.49105
   (         0,          1) * x <= 40
   (         1,  0.0705001) * x <= 3.76471
   (         1,   0.062612) * x <= 3.4517
   (         1,  0.0963515) * x <= 4.79228
   (         1,  0.0862656) * x <= 4.39117
   (         1, 0.00272214) * x <= 1.10228
   (         1,  0.0399343) * x <= 2.55462
   (         1,  0.0450608) * x <= 2.75644
   (         1,  0.0366175) * x <= 2.42443
   (         1,  0.0279429) * x <= 2.08511
   (         1,        0.1) * x <= 4.93754
   (         1,  0.0323563) * x <= 2.25755
   (         1,  0.0480644) * x <= 2.87503
   (         1,  0.0417728) * x <= 2.62692

Overapproximation of achievable values: Polytope with 25 Halfspaces:
   (         1,          0) * x <= 0.996621
   (         0,          1) * x <= 40
   (   0.97569,  0.0243098) * x <= 1.91919
   (  0.498742,   0.501258) * x <= 20.5179
   (  0.945091,  0.0549093) * x <= 3.093
   (  0.916041,  0.0839588) * x <= 4.21879
   (  0.960562,  0.0394384) * x <= 2.4963
   (   0.90966,  0.0903395) * x <= 4.46654
   (   0.99996, 4.00903e-05) * x <= 0.998102
   (  0.998568, 0.00143232) * x <= 1.05066
   (  0.955004,  0.0449956) * x <= 2.70989
   (  0.966722,  0.0332782) * x <= 2.26069
   (  0.930658,   0.069342) * x <= 3.65183
   (  0.986604,   0.013396) * x <= 1.50455
   (  0.952276,  0.0477238) * x <= 2.81509
   (  0.970333,   0.029667) * x <= 2.123
   (    0.9633,  0.0366996) * x <= 2.39142
   (   0.95823,  0.0417699) * x <= 2.58581
   (  0.935955,   0.064045) * x <= 3.44662
   (  0.924822,  0.0751782) * x <= 3.87808
   (  0.999722, 0.000278471) * x <= 1.00696
   (  0.981837,  0.0181627) * x <= 1.68555
   (  0.992213, 0.00778739) * x <= 1.29174
   (  0.950861,  0.0491395) * x <= 2.86979
   (  0.909091,  0.0909091) * x <= 4.48867

22 pareto optimal points found (Note that these points are safe, i.e., contained in the underapproximation, but there is no guarantee for optimality):
   (0.9903783394, 39.16297483 )
   (0.9813218238, 39.3938869 )
   (0.9871269349, 39.25176848 )
   (0.956235438, 39.81299709 )
   (0.9672063285, 39.68078859 )
   (0.9375351465,         40 )
   (0.9956029268, 38.98269743 )
   (0.9735364184, 39.56131712 )
   (0.9933304505, 39.07173717 )
   (0.9604284698,  39.769479 )
   (0.9643852594, 39.72080368 )
   (0.9680992955, 39.66652669 )
   (0.9773908463, 39.48112405 )
   (0.9613934768, 39.75829254 )
   (0.9950573695, 39.00993537 )
   (0.9689390972, 39.65162866 )
   (0.9960003912, 38.95895775 )
   (0.9962860353, 38.93647854 )
   (0.9964700159, 38.67165033 )
   (0.9966213514, 37.91957724 )
   (0.9842690394, 39.32333348 )
   (0.9963440298, 38.91517382 )


Time for model checking: 1811.758s.

Performance statistics:
  * peak memory usage: 3023MB
  * CPU time: 1893.904s
  * wallclock time: 1917.845s

real	31m57.932s
user	31m33.912s
sys	0m21.640s
