Storm 1.3.1 (dev)

Date: Mon Feb  4 20:45:31 2019
Command line arguments: --prism crowds/unfolded_crowds.prism --prop crowds/unfolded_crowds.props --constants 'TotalRuns=100,CrowdSize=20' --engine dd --statistics --timemem
Current working directory: /home/tim.quatmann/reward-bounded-dtmc/benchmarks

Time for model input parsing: 0.016s.

 WARN (DdPrismModelBuilder.cpp:692): The guard 'false' is unsatisfiable.
 WARN (DdPrismModelBuilder.cpp:692): The guard 'false' is unsatisfiable.
 WARN (DdPrismModelBuilder.cpp:692): The guard 'false' is unsatisfiable.
 WARN (DdPrismModelBuilder.cpp:692): The guard 'false' is unsatisfiable.
 WARN (DdPrismModelBuilder.cpp:692): The guard 'false' is unsatisfiable.
 WARN (DdPrismModelBuilder.cpp:835): Guard of a command overlaps with previous guards.
 WARN (DdPrismModelBuilder.cpp:835): Guard of a command overlaps with previous guards.
 WARN (DdPrismModelBuilder.cpp:835): Guard of a command overlaps with previous guards.
 WARN (DdPrismModelBuilder.cpp:835): Guard of a command overlaps with previous guards.
 WARN (DdPrismModelBuilder.cpp:835): Guard of a command overlaps with previous guards.
 WARN (DdPrismModelBuilder.cpp:835): Guard of a command overlaps with previous guards.
 WARN (DdPrismModelBuilder.cpp:835): Guard of a command overlaps with previous guards.
 WARN (DdPrismModelBuilder.cpp:835): Guard of a command overlaps with previous guards.
 WARN (DdPrismModelBuilder.cpp:835): Guard of a command overlaps with previous guards.
 WARN (DdPrismModelBuilder.cpp:835): Guard of a command overlaps with previous guards.
 WARN (DdPrismModelBuilder.cpp:835): Guard of a command overlaps with previous guards.
 WARN (DdPrismModelBuilder.cpp:835): Guard of a command overlaps with previous guards.
 WARN (DdPrismModelBuilder.cpp:835): Guard of a command overlaps with previous guards.
 WARN (DdPrismModelBuilder.cpp:835): Guard of a command overlaps with previous guards.
 WARN (DdPrismModelBuilder.cpp:835): Guard of a command overlaps with previous guards.
 WARN (DdPrismModelBuilder.cpp:835): Guard of a command overlaps with previous guards.
 WARN (DdPrismModelBuilder.cpp:835): Guard of a command overlaps with previous guards.
 WARN (DdPrismModelBuilder.cpp:835): Guard of a command overlaps with previous guards.
 WARN (DdPrismModelBuilder.cpp:835): Guard of a command overlaps with previous guards.
 WARN (DdPrismModelBuilder.cpp:835): Guard of a command overlaps with previous guards.
 WARN (DdPrismModelBuilder.cpp:835): Guard of a command overlaps with previous guards.
 WARN (DdPrismModelBuilder.cpp:835): Guard of a command overlaps with previous guards.
 WARN (DdPrismModelBuilder.cpp:835): Guard of a command overlaps with previous guards.
 WARN (DdPrismModelBuilder.cpp:835): Guard of a command overlaps with previous guards.
 WARN (DdPrismModelBuilder.cpp:835): Guard of a command overlaps with previous guards.
 WARN (DdPrismModelBuilder.cpp:835): Guard of a command overlaps with previous guards.
 WARN (DdPrismModelBuilder.cpp:835): Guard of a command overlaps with previous guards.
Time for model construction: 1570.282s.

-------------------------------------------------------------- 
Model type: 	DTMC (symbolic)
States: 	0 (201220 nodes)
Transitions: 	0 (1165401 nodes)
Reward Models:  none
Variables: 	rows: 32 meta variables (162 DD variables), columns: 32 meta variables (162 DD variables)
Labels: 	2
   * deadlock -> 0 state(s) (12476 nodes)
   * init -> 1 state(s) (163 nodes)
-------------------------------------------------------------- 

Model checking property "positive": P=? [F (observe0 > 1)] ...

real	120m0.015s
user	119m49.865s
sys	0m4.947s
