Storm 1.1.1 (dev)

Date: Wed Oct 18 06:08:45 2017
Command line arguments: --prism wlan/unfolded_wlan6.nm --prop wlan/unfolded_properties.prctl single1 -const COL=0,B1=4000 -e sparse --sound --eqsolver native --native:method power -tm 
Current working directory: /home/tim.quatmann/rewb23

Time for model construction: 358.053s.

-------------------------------------------------------------- 
Model type: 	MDP (sparse)
States: 	15129967
Transitions: 	33629043
Choices: 	18983899
Reward Models:  none
State Labels: 	4 labels
   * init -> 1 item(s)
   * deadlock -> 0 item(s)
   * bound1 -> 10131465 item(s)
   * ((s1 = 12) & (s2 = 12)) -> 63 item(s)
Choice Labels: 	none
-------------------------------------------------------------- 

Model checking property Pmin=? [F ("bound1" & ((s1 = 12) & (s2 = 12)))] ...
Result (for initial states): 0.81640625
Time for model checking: 5.132s.

Performance statistics:
  * peak memory usage: 1808MB
  * CPU time: 360.828s
  * wallclock time: 363.416s

real	6m3.569s
user	6m0.836s
sys	0m2.612s
