Storm 1.3.1 (dev)

Date: Mon Feb  4 15:46:28 2019
Command line arguments: --prism crowds/unfolded_crowds.prism --prop crowds/unfolded_crowds.props --constants 'TotalRuns=6,CrowdSize=20' --sound '--native:method' ii --statistics --timemem
Current working directory: /home/tim.quatmann/reward-bounded-dtmc/benchmarks

 WARN (NativeEquationSolverSettings.cpp:123): Native is not selected as the preferred equation solver, so setting options for native might have no effect.
Time for model input parsing: 0.017s.

Time for model construction: 119.785s.

-------------------------------------------------------------- 
Model type: 	DTMC (sparse)
States: 	10291282
Transitions: 	37068802
Reward Models:  none
State Labels: 	3 labels
   * deadlock -> 219604 item(s)
   * init -> 1 item(s)
   * (observe0 > 1) -> 10626 item(s)
Choice Labels: 	none
-------------------------------------------------------------- 

Model checking property "positive": P=? [F (observe0 > 1)] ...
Result (for initial states): 0.1204763729
Time for model checking: 129.682s.

Performance statistics:
  * peak memory usage: 1790MB
  * CPU time: 248.283s
  * wallclock time: 249.498s

real	4m9.560s
user	4m8.291s
sys	0m1.002s
