Storm 1.3.1 (dev)

Date: Tue Feb  5 08:03:26 2019
Command line arguments: --prism nand/unfolded_nand.prism --prop nand/unfolded_nand.props --constants 'N=60,K=10' --engine dd --statistics --timemem
Current working directory: /home/tim.quatmann/reward-bounded-dtmc/benchmarks

Time for model input parsing: 0.005s.

Time for model construction: 18.743s.

-------------------------------------------------------------- 
Model type: 	DTMC (symbolic)
States: 	47043062 (14595 nodes)
Transitions: 	74389172 (97930 nodes)
Reward Models:  none
Variables: 	rows: 8 meta variables (34 DD variables), columns: 8 meta variables (34 DD variables)
Labels: 	2
   * deadlock -> 0 state(s) (1 nodes)
   * init -> 1 state(s) (35 nodes)
-------------------------------------------------------------- 

Model checking property "reliable": P=? [F ((s = 4) & ((z / 60) < 1/10))] ...

real	120m0.033s
user	119m49.613s
sys	0m4.986s
