Storm 1.1.1 (dev)

Date: Wed Oct 18 06:19:48 2017
Command line arguments: --prism wlan/unfolded_wlan3.nm --prop wlan/unfolded_properties.prctl single1 -const COL=0,B1=4000 -e sparse --sound --eqsolver native --native:method power -tm 
Current working directory: /home/tim.quatmann/rewb21

Time for model construction: 61.677s.

-------------------------------------------------------------- 
Model type: 	MDP (sparse)
States: 	3129139
Transitions: 	6578533
Choices: 	4001675
Reward Models:  none
State Labels: 	4 labels
   * init -> 1 item(s)
   * deadlock -> 0 item(s)
   * bound1 -> 3041883 item(s)
   * ((s1 = 12) & (s2 = 12)) -> 63 item(s)
Choice Labels: 	none
-------------------------------------------------------------- 

Model checking property Pmin=? [F ("bound1" & ((s1 = 12) & (s2 = 12)))] ...
Result (for initial states): 0.81640625
Time for model checking: 0.939s.

Performance statistics:
  * peak memory usage: 418MB
  * CPU time: 62.024s
  * wallclock time: 62.654s

real	1m2.740s
user	1m2.032s
sys	0m0.452s
