Storm 1.1.1 (dev)

Date: Wed Oct 18 02:31:14 2017
Command line arguments: --prism jobsched/unfolded_03procs.prism --prop jobsched/unfolded_properties.props multi1 -const B1=2,B2=65,B3=3,B4=195 -e sparse --sound --eqsolver native --native:method power -tm 
Current working directory: /home/tim.quatmann/rewb21

Time for model construction: 56.522s.

-------------------------------------------------------------- 
Model type: 	MDP (sparse)
States: 	1860623
Transitions: 	4006820
Choices: 	2135350
Reward Models:  none
State Labels: 	6 labels
   * deadlock -> 0 item(s)
   * bound1 -> 1849308 item(s)
   * bound4 -> 1472634 item(s)
   * init -> 1 item(s)
   * bound2 -> 1801251 item(s)
   * bound3 -> 1375928 item(s)
Choice Labels: 	none
-------------------------------------------------------------- 

Model checking property multi(Pmax=? [F (!("bound1") & "bound2")], Pmax=? [F (!("bound3") & "bound4")]) ...
Result (for initial states): 
Underapproximation of achievable values: Polytope with 26 Halfspaces:
   (         1,   0.841481) * x <= 0.975147
   (         1,   0.888889) * x <= 1.00416
   (         1,   0.198942) * x <= 0.665296
   (  0.232425,          1) * x <= 0.81348
   (         1,   0.302359) * x <= 0.692617
   (  0.227142,          1) * x <= 0.811964
   (  0.918488,          1) * x <= 1.03497
   (         1,   0.166105) * x <= 0.66015
   (         1,   0.353741) * x <= 0.709351
   (         1,   0.444444) * x <= 0.74431
   (         1,   0.197531) * x <= 0.665005
   (         1,  0.0658436) * x <= 0.648458
   (         1,          0) * x <= 0.645176
   (         0,          1) * x <= 0.751503
   (         1,   0.592593) * x <= 0.824476
   (  0.584148,          1) * x <= 0.915052
   (  0.798725,          1) * x <= 0.987735
   (         1,  0.0987654) * x <= 0.651778
   (         1,   0.636884) * x <= 0.85097
   (         1,  0.0538721) * x <= 0.64727
   (  0.837647,          1) * x <= 1.00118
   (         1,   0.479529) * x <= 0.757861
   (         1,   0.222222) * x <= 0.671094
   (         1,   0.487363) * x <= 0.761786
   (  0.455696,          1) * x <= 0.877754
   (  0.463519,          1) * x <= 0.880012

Overapproximation of achievable values: Polytope with 35 Halfspaces:
   (         1,          0) * x <= 0.645176
   (         0,          1) * x <= 0.751503
   (  0.524842,   0.475158) * x <= 0.532324
   (  0.754991,   0.245009) * x <= 0.528368
   (  0.231006,   0.768994) * x <= 0.640609
   (   0.68005,    0.31995) * x <= 0.513007
   (  0.437561,   0.562439) * x <= 0.551586
   (  0.848951,   0.151049) * x <= 0.561985
   (  0.809279,   0.190721) * x <= 0.546025
   (  0.666119,   0.333881) * x <= 0.512945
   (   0.46319,    0.53681) * x <= 0.543101
   (  0.366219,   0.633781) * x <= 0.57878
   (  0.915378,  0.0846215) * x <= 0.59604
   ( 0.0168416,   0.983158) * x <= 0.74333
   (  0.831752,   0.168248) * x <= 0.554053
   (  0.583883,   0.416117) * x <= 0.523724
   (  0.674277,   0.325723) * x <= 0.512205
   (  0.948599,  0.0514009) * x <= 0.614029
   (   0.73803,    0.26197) * x <= 0.523868
   (  0.478756,   0.521244) * x <= 0.539472
   (  0.454831,   0.545169) * x <= 0.545183
   (  0.185224,   0.814776) * x <= 0.661613
   (  0.879783,   0.120217) * x <= 0.577566
   (  0.767837,   0.232163) * x <= 0.531817
   (  0.614537,   0.385463) * x <= 0.519408
   (  0.834608,   0.165392) * x <= 0.555128
   (  0.672331,   0.327669) * x <= 0.512172
   (  0.675891,   0.324109) * x <= 0.512231
   (  0.368746,   0.631254) * x <= 0.577631
   (  0.857555,   0.142445) * x <= 0.566115
   (  0.539534,   0.460466) * x <= 0.530078
   (  0.455826,   0.544174) * x <= 0.544818
   (  0.315605,   0.684395) * x <= 0.601807
   (  0.818182,   0.181818) * x <= 0.549077
   (  0.910112,  0.0898876) * x <= 0.593191

25 pareto optimal points found (Note that these points are safe, i.e., contained in the underapproximation, but there is no guarantee for optimality):
   (0.5176000513, 0.5010358629 )
   (0.2661785552, 0.7515033027 )
   (0.4601461979, 0.6120171383 )
   (0.5941449756, 0.3256786736 )
   (0.3387231515, 0.717187797 )
   (0.6114112385, 0.2685735576 )
   (0.4586207855, 0.6137332272 )
   (0.615746621, 0.2490643364 )
   (0.2870932957, 0.7467526969 )
   (0.4644213667, 0.606936612 )
   (0.2878704977, 0.746572056 )
   (0.6344864456, 0.1544988061 )
   (0.4179451671, 0.6510932854 )
   (0.6394992315, 0.1243204796 )
   (0.624236745, 0.2063879151 )
   (0.5730099861, 0.3854256634 )
   (0.6451760402, 0.03886602652 )
   (0.5726487042, 0.3862385476 )
   (0.2886633107, 0.7462107741 )
   (0.6418174569, 0.1008484479 )
   (0.6419245034, 0.09922267947 )
   (0.4700011645, 0.5981755265 )
   (0.3455456921, 0.711738462 )
   (0.471446292, 0.5957368739 )
   (0.2904819858, 0.7453677831 )


Time for model checking: 39.623s.

Performance statistics:
  * peak memory usage: 559MB
  * CPU time: 95.576s
  * wallclock time: 96.172s

real	1m36.271s
user	1m35.584s
sys	0m0.600s
