Storm 1.3.1 (dev)

Date: Mon Feb  4 15:45:54 2019
Command line arguments: --prism crowds/unfolded_crowds.prism --prop crowds/unfolded_crowds.props --constants 'TotalRuns=6,CrowdSize=20' --engine dd --statistics --timemem
Current working directory: /home/tim.quatmann/reward-bounded-dtmc/benchmarks

Time for model input parsing: 0.016s.

 WARN (DdPrismModelBuilder.cpp:692): The guard 'false' is unsatisfiable.
 WARN (DdPrismModelBuilder.cpp:692): The guard 'false' is unsatisfiable.
 WARN (DdPrismModelBuilder.cpp:692): The guard 'false' is unsatisfiable.
 WARN (DdPrismModelBuilder.cpp:692): The guard 'false' is unsatisfiable.
 WARN (DdPrismModelBuilder.cpp:692): The guard 'false' is unsatisfiable.
 WARN (DdPrismModelBuilder.cpp:835): Guard of a command overlaps with previous guards.
 WARN (DdPrismModelBuilder.cpp:835): Guard of a command overlaps with previous guards.
 WARN (DdPrismModelBuilder.cpp:835): Guard of a command overlaps with previous guards.
 WARN (DdPrismModelBuilder.cpp:835): Guard of a command overlaps with previous guards.
 WARN (DdPrismModelBuilder.cpp:835): Guard of a command overlaps with previous guards.
 WARN (DdPrismModelBuilder.cpp:835): Guard of a command overlaps with previous guards.
 WARN (DdPrismModelBuilder.cpp:835): Guard of a command overlaps with previous guards.
 WARN (DdPrismModelBuilder.cpp:835): Guard of a command overlaps with previous guards.
 WARN (DdPrismModelBuilder.cpp:835): Guard of a command overlaps with previous guards.
 WARN (DdPrismModelBuilder.cpp:835): Guard of a command overlaps with previous guards.
 WARN (DdPrismModelBuilder.cpp:835): Guard of a command overlaps with previous guards.
 WARN (DdPrismModelBuilder.cpp:835): Guard of a command overlaps with previous guards.
 WARN (DdPrismModelBuilder.cpp:835): Guard of a command overlaps with previous guards.
 WARN (DdPrismModelBuilder.cpp:835): Guard of a command overlaps with previous guards.
 WARN (DdPrismModelBuilder.cpp:835): Guard of a command overlaps with previous guards.
 WARN (DdPrismModelBuilder.cpp:835): Guard of a command overlaps with previous guards.
 WARN (DdPrismModelBuilder.cpp:835): Guard of a command overlaps with previous guards.
 WARN (DdPrismModelBuilder.cpp:835): Guard of a command overlaps with previous guards.
 WARN (DdPrismModelBuilder.cpp:835): Guard of a command overlaps with previous guards.
 WARN (DdPrismModelBuilder.cpp:835): Guard of a command overlaps with previous guards.
 WARN (DdPrismModelBuilder.cpp:835): Guard of a command overlaps with previous guards.
 WARN (DdPrismModelBuilder.cpp:835): Guard of a command overlaps with previous guards.
 WARN (DdPrismModelBuilder.cpp:835): Guard of a command overlaps with previous guards.
 WARN (DdPrismModelBuilder.cpp:835): Guard of a command overlaps with previous guards.
 WARN (DdPrismModelBuilder.cpp:835): Guard of a command overlaps with previous guards.
 WARN (DdPrismModelBuilder.cpp:835): Guard of a command overlaps with previous guards.
 WARN (DdPrismModelBuilder.cpp:835): Guard of a command overlaps with previous guards.
Time for model construction: 0.470s.

-------------------------------------------------------------- 
Model type: 	DTMC (symbolic)
States: 	10291282 (5401 nodes)
Transitions: 	37068802 (28651 nodes)
Reward Models:  none
Variables: 	rows: 32 meta variables (78 DD variables), columns: 32 meta variables (78 DD variables)
Labels: 	2
   * deadlock -> 219604 state(s) (403 nodes)
   * init -> 1 state(s) (79 nodes)
-------------------------------------------------------------- 

Model checking property "positive": P=? [F (observe0 > 1)] ...
Result (for initial states): 0.1204751746
Time for model checking: 33.236s.

Performance statistics:
  * peak memory usage: 127MB
  * CPU time: 33.684s
  * wallclock time: 33.744s

real	0m33.810s
user	0m33.689s
sys	0m0.097s
