Storm 1.1.1 (dev)

Date: Wed Oct 18 06:34:57 2017
Command line arguments: --prism resources/unfolded_resources5_5.prism --prop resources/unfolded_properties.prctl single1 -const B1=100,B2=100,B3=1300 -e dd --sound --eqsolver native --native:method power -tm 
Current working directory: /home/tim.quatmann/rewb23

Time for model construction: 5.779s.

-------------------------------------------------------------- 
Model type: 	MDP (symbolic)
States: 	572947463 (13306 nodes)
Transitions: 	1987478157 (169028 nodes)
Choices: 	1840987389
Reward Models:  none
Variables: 	rows: 8 meta variables (34 DD variables), columns: 8 meta variables (34 DD variables), nondeterminism: 4 meta variables (4 DD variables)
Labels: 	5
   * deadlock -> 0 state(s) (1 nodes)
   * init -> 1 state(s) (35 nodes)
   * bound1
   * bound2
   * bound3
-------------------------------------------------------------- 

Model checking property Pmax=? [F ((!("bound1") & !("bound2")) & "bound3")] ...

real	120m0.049s
user	119m54.184s
sys	0m4.628s
