Storm 1.1.1 (dev)

Date: Wed Oct 18 10:35:00 2017
Command line arguments: --prism rover/unfolded_rover.prism --prop rover/unfolded_properties.props single1 -const B1=99,B2=-1,B3=180,B4=100 -e dd --sound --eqsolver native --native:method power -tm 
Current working directory: /home/tim.quatmann/rewb23

Time for model construction: 0.674s.

-------------------------------------------------------------- 
Model type: 	MDP (symbolic)
States: 	1376208 (3054 nodes)
Transitions: 	2580390 (88921 nodes)
Choices: 	1720260
Reward Models:  none
Variables: 	rows: 8 meta variables (29 DD variables), columns: 8 meta variables (29 DD variables), nondeterminism: 6 meta variables (6 DD variables)
Labels: 	7
   * deadlock -> 0 state(s) (1 nodes)
   * init -> 1 state(s) (30 nodes)
   * bound1
   * bound2
   * bound3
   * bound4
   * goal
-------------------------------------------------------------- 

Model checking property Pmax=? [F (((!("bound1") & "bound3") & "bound4") & done)] ...
Result (for initial states): 0.8094401019
Time for model checking: 37.468s.

Performance statistics:
  * peak memory usage: 259MB
  * CPU time: 38.116s
  * wallclock time: 38.446s

real	0m40.829s
user	0m38.124s
sys	0m0.276s
