Storm 1.1.1 (dev)

Date: Fri Oct 20 02:20:51 2017
Command line arguments: --prism resources/resources5_5.prism --prop resources/properties.prctl single1 -const B1=100,B2=100,B3=1300 --exact --minmax:method pi -tm 
Current working directory: /home/tim.quatmann/rewb23

Time for model construction: 0.306s.

-------------------------------------------------------------- 
Model type: 	MDP (sparse)
States: 	94
Transitions: 	326
Choices: 	302
Reward Models:  steps, gold, gem
State Labels: 	2 labels
   * deadlock -> 0 item(s)
   * init -> 1 item(s)
Choice Labels: 	none
-------------------------------------------------------------- 

Model checking property Pmax=? [true U[{"gold"}>100 ,{"gem"}>100 ,{"steps"}<=1300 ]true] ...
Objective/Dimension/Epoch count is: 1/3/12843755.

real	120m0.179s
user	119m56.932s
sys	0m2.324s
