Storm 1.1.1 (dev)

Date: Fri Oct 20 02:22:30 2017
Command line arguments: --prism rover/rover.prism --prop rover/properties.props single1 -const B1=499,B2=-1,B3=900,B4=500 --exact --minmax:method pi -tm 
Current working directory: /home/tim.quatmann/rewb21

Time for model construction: 0.181s.

-------------------------------------------------------------- 
Model type: 	MDP (sparse)
States: 	16
Transitions: 	30
Choices: 	20
Reward Models:  value, time, energy
State Labels: 	3 labels
   * deadlock -> 0 item(s)
   * init -> 1 item(s)
   * done -> 1 item(s)
Choice Labels: 	none
-------------------------------------------------------------- 

Model checking property Pmax=? [true U[{"value"}>499 ,{"time"}<=900 ,{"energy"}<=500 ]done] ...
Objective/Dimension/Epoch count is: 1/3/11301297.

real	120m0.027s
user	119m54.180s
sys	0m0.964s
