Storm 1.3.1 (dev)

Date: Mon Feb  4 15:45:53 2019
Command line arguments: --prism crowds/crowds.prism --prop crowds/crowds.props --constants 'TotalRuns=6,CrowdSize=20' --exact --statistics --timemem
Current working directory: /home/tim.quatmann/reward-bounded-dtmc/benchmarks

Time for model input parsing: 0.015s.

Time for model construction: 0.027s.

-------------------------------------------------------------- 
Model type: 	DTMC (sparse)
States: 	143
Transitions: 	563
Reward Models:  runCount, observe0
State Labels: 	2 labels
   * deadlock -> 0 item(s)
   * init -> 1 item(s)
Choice Labels: 	none
-------------------------------------------------------------- 

Model checking property "positive": P=? [true U^{rew{"runCount"}<=6 , rew{"observe0"}>1 }true] ...
---------------------------------
Statistics:
---------------------------------
          #checked epochs: 24.
             overall Time: 0.241s.
Epoch Model building Time: 0.010s.
Epoch Model checking Time: 0.227s.
---------------------------------
Result (for initial states): 2424588943513688408580233534610158569961/20125016430285324800000000000000000000000 (approx. 0.1204763709)
Time for model checking: 0.242s.

Performance statistics:
  * peak memory usage: 44MB
  * CPU time: 0.332s
  * wallclock time: 0.290s

real	0m0.352s
user	0m0.344s
sys	0m0.008s
