Storm 1.1.1 (dev)

Date: Fri Oct 20 00:40:45 2017
Command line arguments: --prism firewire/firewire.prism --prop firewire/properties.props multi1 -const delay=36,B1=10000,B2=10 --exact --minmax:method pi -tm 
Current working directory: /home/tim.quatmann/rewb23

Time for model construction: 0.360s.

-------------------------------------------------------------- 
Model type: 	MDP (sparse)
States: 	776
Transitions: 	1411
Choices: 	1189
Reward Models:  time, rounds
State Labels: 	3 labels
   * deadlock -> 0 item(s)
   * init -> 1 item(s)
   * done -> 1 item(s)
Choice Labels: 	none
-------------------------------------------------------------- 

Model checking property multi(Pmin=? [true U{"time"}<=10000 "done"], Pmin=? [true U{"rounds"}<=10 "done"]) ...
Objective/Dimension/Epoch count is: 2/2/120024.

real	120m0.220s
user	111m9.812s
sys	8m49.044s
