Storm 1.1.1 (dev)

Date: Fri Oct 20 00:25:38 2017
Command line arguments: --prism service/service.prism --prop service/properties.prctl multi1 -const B1=2400 --exact --minmax:method pi -tm 
Current working directory: /home/tim.quatmann/rewb23

Time for model construction: 3.451s.

-------------------------------------------------------------- 
Model type: 	MDP (sparse)
States: 	76800
Transitions: 	165376
Choices: 	148736
Reward Models:  time, interaction
State Labels: 	3 labels
   * deadlock -> 0 item(s)
   * init -> 1 item(s)
   * taskdone -> 3200 item(s)
Choice Labels: 	none
-------------------------------------------------------------- 

Model checking property multi(Pmax=? [true U{"time"}<=2400 "taskdone"], R[exp]{"interaction"}max=? [C{"time"}<=2400]) ...
Objective/Dimension/Epoch count is: 2/2/162.
WVC statistics: 
                overall Time: 4673.349s.
---------------------------------------------
     #checked weight vectors: 34.
             #checked epochs: 5508.
#Sched reused from prev. ep.: 5474.
   Epoch Model building time: 3061.198s.
   Epoch Model checking time: 1610.177s.
Implicit unfolding statistics: 
 Memory Product size: 150400
  maxSolutionsStored: 31
Occurring Epoch model sizes: 1888 83200 1888 83200 1888 83200 1888 83200 1888 83200 1888 83200 1888 83200 1888 83200 1888 83200 1888 83200 1888 83200 1888 83200 1888 83200 1888 83200 1888 83200 1888 83200 1888 83200 1888 83200 1888 83200 1888 83200 1888 83200 1888 83200 1888 83200 1888 83200 1888 83200 1888 83200 1888 83200 1888 83200 1888 83200 1888 83200 1888 83200 1888 83200 1888 83200 1888 83200 
---------------------------------------------

Result (for initial states): 
Underapproximation of achievable values: Polytope with 31 Halfspaces:
   (         1, 8914040228/192097414455) * x <= 110138370785914600721044/39878297670070177734375
   (         1, 15146731/278737650) * x <= 27432153731587935908/8929676375244140625
   (         1, 5927153/102731905) * x <= 37958549318376010028/11848078629580078125
   (         1, 23284109/474222608) * x <= 793776131254461482701/276878910298236328125
   (         1, 247070417/4848342720) * x <= 57071733614435641297/19415268912304687500
   (         1, 33962490706/1030813284833) * x <= 7202478610550871724637123/3209861970146099724609375
   (         1, 1374517967/40489861384) * x <= 71933767731426530909311/31520467417638199218750
   (         1, 70753204087/2396084374262) * x <= 212914334665530659801969669/100726147999331928615234375
   (         1, 2858122969/77432794540) * x <= 86651493160406711228108/36167837487127857421875
   (         1, 112818784/4888938453) * x <= 6913651370136875572455073/3699365090140944369140625
   (         1, 179741/295598730) * x <= 22797572040108295719091/22367383696167767578125
   (         1, 25397031826/1292001922325) * x <= 22671265954235224878324187/13035104597294049919921875
   (         1, 621394960/4834346945081) * x <= 244179927215860724206408523/243870450189965776641796875
   (         1, 65723/933388) * x <= 1230732986529872/332246021484375
   (         1,          0) * x <= 150824816914729/151336128515625
   (         1, 20718033128/2100846210285) * x <= 87005185487581502390909969/63586786414250900731640625
   (         1, 2567059956/56576667385) * x <= 287712995821628028923276/105704861806939869140625
   (         1, 274068224/275733453896187) * x <= 150824816914729/151336128515625
   (         1,       1/10) * x <= 277500004/56953125
   (         1, 813844/207939825) * x <= 35993664555336240307273/31468808079716572265625
   (         1, 3120403878/463275437065) * x <= 12521458561922877726974623/10015758725971597365234375
   (         1,       7/30) * x <= 116233412/11390625
   (         1,       9/50) * x <= 2298445892/284765625
   (         1, 36417961423/923817805380) * x <= 71693809176714372951208/28766874510290190234375
   (         1, 5184567203/125164331130) * x <= 11126139585018946162796/4330563626305880859375
   (         1, 25721977/411093000) * x <= 1341530257195984826/395094898388671875
   (         0,          1) * x <= 40
   (         1, 564218/7012045) * x <= 73689022526939356/17971104392578125
   (         1, 5932057025/185505544388) * x <= 25814716094622675416284826/11697371210776394162109375
   (         1, 3751625587/86542478160) * x <= 14841649518483489052999/5614284806619697265625
   (         1, 14303/189552) * x <= 1777581050376029/455438478515625

Overapproximation of achievable values: Polytope with 34 Halfspaces:
   (         1,          0) * x <= 150824816914729/151336128515625
   (         0,          1) * x <= 40
   (6053445140625000/6204269957539729, 150824816914729/6204269957539729) * x <= 355208275516790622607566879148/187786039127972737977146953125
   (1545032056609700/2296370704955841, 751338648346141/2296370704955841) * x <= 14306271948940573806856/1046283902445505055625
   (1545032056609700/1637323280681841, 92291224072141/1637323280681841) * x <= 117032610207638481339334016/37766524375383605159765625
   (97137428550/106343990677, 9206562127/106343990677) * x <= 1161636770192262378232/272548016731170703125
   (5175885608182300/5395724712082017, 219839103899717/5395724712082017) * x <= 126186510407193258324892375712/50405437559418384313423828125
   (1545462430/1704674273, 159211843/1704674273) * x <= 87898220631571544/19417305390890625
   (7180548411628825/7181244770685701, 696359056876/7181244770685701) * x <= 24151238446363143387119443637/24150706255970027315345390625
   (143606032112075/143950785787713, 344753675638/143950785787713) * x <= 2624295779148447656984016019/2420550513099393257450390625
   (2246108146620/2354927965279, 108819818659/2354927965279) * x <= 794958417582496935529088/293321548311524306015625
   (2264929450162780/2343738069080433, 78808618917653/2343738069080433) * x <= 1088318825146689414256006096/486546290300849372637890625
   (3448952400/3704206049, 255253649/3704206049) * x <= 101986684032275030128/28480424868151171875
   (26487308992855/26807211071373, 319902078518/26807211071373) * x <= 388076112936675429316649017/270459969322852644828046875
   (   110/133,     23/133) * x <= 11570896504/1514953125
   (272435230650/286643043283, 14207812633/286643043283) * x <= 52126093064317981975688/18365869208786748046875
   (     10/11,       1/11) * x <= 555000008/125296875
   (37882749342970/39110559377121, 1227810034151/39110559377121) * x <= 7081555578328809300866958038/3288244800118870059064453125
   (385455741340/402785264049, 17329522709/402785264049) * x <= 389725343681516627599456/150508549343998553203125
   (137782240/148740633, 10958393/148740633) * x <= 1434996031685177872/381205973872265625
   (910562930909/917671634781, 7108703872/917671634781) * x <= 889268480176470147668994809/694384362281805523259765625
   (9254561437580/9621181407353, 366619969773/9621181407353) * x <= 43221556470252277725539104/17975707974510066819140625
   (691109400/736548277, 45438877/736548277) * x <= 18707391810281449168/5663078021949609375
   (1217831034/1285662869, 67831835/1285662869) * x <= 3658049963798899401944/1235629992701513671875
   (2758683458225/2817926125251, 59242667026/2817926125251) * x <= 50325871434782727168144479/28430268682568168430703125
   (86895458448/91252175447, 4356716999/91252175447) * x <= 29137077381028848416752/10524120523378716796875
   (34627585989428/35711426504151, 1083840514723/35711426504151) * x <= 6349963574356326853347026032/3002460572726940310294921875
   (180913708305/189221318353, 8307610048/189221318353) * x <= 309064054089685915543204/117843710914261726171875
   (     30/37,       7/37) * x <= 232466824/28096875
   (5855936155961/5857178735817, 1242579856/5857178735817) * x <= 296705533196270237543194187/295467584634195827410546875
   (     50/59,       9/59) * x <= 4596891784/672046875
   (13712637565504/14169897416697, 457259851193/14169897416697) * x <= 96464063459377300488124924/44123815154454318615234375
   (612992111065/616698482623, 3706371558/616698482623) * x <= 113565648413302237110058921/93328760821625258846484375
   (5249302841420/5450016660697, 200713819277/5450016660697) * x <= 23996276776340646168415264/10182523725623933356640625

30 pareto optimal points found (Note that these points are safe, i.e., contained in the underapproximation, but there is no guarantee for optimality):
   (9920912/11390625,         40 )
   (45405982997692/46708681640625, 120062467228592/3113912109375 )
   (11797873372/12814453125, 101279255056/2562890625 )
   (49763536/56953125, 16869368/421875 )
   (9154520593493/9341736328125, 71667297879652/1868347265625 )
   (35682499732/38443359375, 60623946352/1537734375 )
   (49701328/56953125, 5623976/140625 )
   (150779572994857/151336128515625, 5702059034914492/151336128515625 )
   (35828414132/38443359375, 302717011504/7688671875 )
   (3060670317611/3113912109375, 23835112811372/622782421875 )
   (539072418508/576650390625, 302366212144/7688671875 )
   (44332756265548/46708681640625, 608118541337648/15569560546875 )
   (751338648346141/756680642578125, 1148887745860612/30267225703125 )
   (8914833181532/9341736328125, 24259185120176/622782421875 )
   (181137885316/192216796875, 2511058302736/64072265625 )
   (150764572222249/151336128515625, 5705891781768892/151336128515625 )
   (249001095429083/252226880859375, 9620234663491004/252226880859375 )
   (44859415194956/46708681640625, 120886117783376/3113912109375 )
   (2704466199548/2883251953125, 2516211852176/64072265625 )
   (250068865693583/252226880859375, 9586843665501164/252226880859375 )
   (35744288692/38443359375, 302955958832/7688671875 )
   (45681143032457/46708681640625, 119610686427772/3113912109375 )
   (752150943590941/756680642578125, 1147479731586148/30267225703125 )
   (45571889148188/46708681640625, 119795449988848/3113912109375 )
   (150799450911529/151336128515625, 5669368180166332/151336128515625 )
   (150824816914729/151336128515625,          0 )
   (150552094470953/151336128515625, 1146239409740716/30267225703125 )
   (753423449414861/756680642578125, 5717751632957756/151336128515625 )
   (50273111850083/50445376171875, 367644605194916/10089075234375 )
   (45105852950732/46708681640625, 120524027112112/3113912109375 )


Time for model checking: 4675.622s.

Performance statistics:
  * peak memory usage: 1193MB
  * CPU time: 4676.564s
  * wallclock time: 4679.390s

real	77m59.821s
user	77m56.592s
sys	0m2.188s
