Storm 1.1.1 (dev)

Date: Fri Oct 20 07:30:50 2017
Command line arguments: --prism jobsched/05procs.prism --prop jobsched/properties.props multi1 -const B1=2,B2=65,B3=5,B4=325 --exact --minmax:method pi -tm 
Current working directory: /home/tim.quatmann/rewb21

Time for model construction: 129.574s.

-------------------------------------------------------------- 
Model type: 	MDP (sparse)
States: 	1032733
Transitions: 	3522572
Choices: 	1714221
Reward Models:  utilityGlobal, utilityLocal, energyLocal, energyGlobal
State Labels: 	2 labels
   * deadlock -> 0 item(s)
   * init -> 1 item(s)
Choice Labels: 	none
-------------------------------------------------------------- 

Model checking property multi(Pmax=? [true U[{"utilityLocal"}>2 ,{"energyLocal"}<=65 ]true], Pmax=? [true U[{"utilityGlobal"}>5 ,{"energyGlobal"}<=325 ]true]) ...
Objective/Dimension/Epoch count is: 2/4/305549.
./parallel_script_process.sh: line 30: 14920 Killed                  timeout 7200 ~/storm/build/bin/storm --prism jobsched/05procs.prism --prop jobsched/properties.props "multi1" -const B1=2,B2=65,B3=5,B4=325 --exact --minmax:method pi -tm

real	115m31.789s
user	111m55.620s
sys	3m13.440s
