Storm 1.1.1 (dev)

Date: Fri Oct 20 00:22:05 2017
Command line arguments: --prism wlan/wlan3.nm --prop wlan/properties.prctl single1 -const COL=0,B1=10000 --exact --minmax:method pi -tm 
Current working directory: /home/tim.quatmann/rewb21

Time for model construction: 3.639s.

-------------------------------------------------------------- 
Model type: 	MDP (sparse)
States: 	96302
Transitions: 	204576
Choices: 	123730
Reward Models:  time
State Labels: 	3 labels
   * init -> 1 item(s)
   * deadlock -> 0 item(s)
   * ((s1 = 12) & (s2 = 12)) -> 1 item(s)
Choice Labels: 	none
-------------------------------------------------------------- 

Model checking property Pmin=? [true U{"time"}<=10000 ((s1 = 12) & (s2 = 12))] ...
Objective/Dimension/Epoch count is: 1/1/202.
---------------------------------
Statistics:
---------------------------------
          #checked epochs: 202.
             overall Time: 2150.429s.
Epoch Model building Time: 7.599s.
Epoch Model checking Time: 2142.828s.
---------------------------------
Implicit unfolding statistics: 
 Memory Product size: 192602
  maxSolutionsStored: 1
Occurring Epoch model sizes: 96301 96302 
---------------------------------------------

Result (for initial states): 4831465504166926344167877/4835703278458516698824704 (approx. 0.9991236488)
Time for model checking: 2151.393s.

Performance statistics:
  * peak memory usage: 1490MB
  * CPU time: 1889.452s
  * wallclock time: 2155.158s

real	35m55.253s
user	31m29.456s
sys	4m21.000s
