Storm 1.1.1 (dev)

Date: Fri Oct 20 00:58:02 2017
Command line arguments: --prism rover/rover.prism --prop rover/properties.props multi1 -const B1=499,B2=-1,B3=900,B4=500 --exact --minmax:method pi -tm 
Current working directory: /home/tim.quatmann/rewb21

Time for model construction: 0.167s.

-------------------------------------------------------------- 
Model type: 	MDP (sparse)
States: 	16
Transitions: 	30
Choices: 	20
Reward Models:  value, time, energy
State Labels: 	3 labels
   * deadlock -> 0 item(s)
   * init -> 1 item(s)
   * done -> 1 item(s)
Choice Labels: 	none
-------------------------------------------------------------- 

Model checking property multi(Pmax=? [true U{"value"}>499 done], Pmax=? [true U[{"time"}<=900 ,{"energy"}<=500 ]done]) ...
Objective/Dimension/Epoch count is: 2/3/11301297.

real	120m0.025s
user	119m54.164s
sys	0m1.064s
