Storm 1.1.1 (dev)

Date: Fri Oct 20 00:40:56 2017
Command line arguments: --prism uav/uav.prism --prop uav/properties.props single1 -const COUNTER=0,B1=500 --exact --minmax:method pi -tm 
Current working directory: /home/tim.quatmann/rewb23

Time for model construction: 1.039s.

-------------------------------------------------------------- 
Model type: 	MDP (sparse)
States: 	9695
Transitions: 	59868
Choices: 	19222
Reward Models:  time
State Labels: 	3 labels
   * deadlock -> 0 item(s)
   * init -> 1 item(s)
   * ((w1 & w2) & w6) -> 6414 item(s)
Choice Labels: 	none
-------------------------------------------------------------- 

Model checking property Pmax=? [true U{"time"}<=500 ((w1 & w2) & w6)] ...
Objective/Dimension/Epoch count is: 1/1/52.
---------------------------------
Statistics:
---------------------------------
          #checked epochs: 52.
             overall Time: 25.421s.
Epoch Model building Time: 1.710s.
Epoch Model checking Time: 23.710s.
---------------------------------
Implicit unfolding statistics: 
 Memory Product size: 12975
  maxSolutionsStored: 6
Occurring Epoch model sizes: 3688 9695 
---------------------------------------------

Result (for initial states): 152994143736516754463119330421808117645210427315049/157286400000000000000000000000000000000000000000000 (approx. 0.9727105696)
Time for model checking: 25.598s.

Performance statistics:
  * peak memory usage: 226MB
  * CPU time: 24.140s
  * wallclock time: 26.720s

real	0m26.883s
user	0m24.148s
sys	0m2.712s
