Storm 1.1.1 (dev)

Date: Fri Oct 20 01:07:04 2017
Command line arguments: --prism uav/uav.prism --prop uav/properties.props multi1 -const COUNTER=0,B1=500 --exact --minmax:method pi -tm 
Current working directory: /home/tim.quatmann/rewb23

Time for model construction: 1.179s.

-------------------------------------------------------------- 
Model type: 	MDP (sparse)
States: 	9695
Transitions: 	59868
Choices: 	19222
Reward Models:  time, ROZ
State Labels: 	3 labels
   * deadlock -> 0 item(s)
   * init -> 1 item(s)
   * ((w1 & w2) & w6) -> 6414 item(s)
Choice Labels: 	none
-------------------------------------------------------------- 

Model checking property multi(Pmax=? [true U{"time"}<=500 ((w1 & w2) & w6)], R[exp]{"ROZ"}min=? [C{"time"}<=500]) ...
Objective/Dimension/Epoch count is: 2/2/52.
WVC statistics: 
                overall Time: 1096.417s.
---------------------------------------------
     #checked weight vectors: 18.
             #checked epochs: 936.
#Sched reused from prev. ep.: 678.
   Epoch Model building time: 82.350s.
   Epoch Model checking time: 1013.202s.
Implicit unfolding statistics: 
 Memory Product size: 12975
  maxSolutionsStored: 13
Occurring Epoch model sizes: 3688 9695 3688 9695 3688 9695 3688 9695 3688 9695 3688 9695 3688 9695 3688 9695 3688 9695 3688 9695 3688 9695 3688 9695 3688 9695 3688 9695 3688 9695 3688 9695 3688 9695 3688 9695 
---------------------------------------------

Result (for initial states): 
Underapproximation of achievable values: Polytope with 14 Halfspaces:
   (26173595605756288949363629866553/37730851956223370752000000000000,         -1) * x <= 10740090384526398376164493867219555016743815291813872977/231818354419036389900288000000000000000000000000000000000
   (10742498424962771800743165182893/12082162383823334912000000000000,         -1) * x <= 306639951972932021403560522177809818525368130605029857133694224877/1979541484965615191982080000000000000000000000000000000000000000000
   (180250731278387610928433946307160634180643496209/248654463728949032318073961062239296000000000000,         -1) * x <= 49676273777508544799558123115096960858353319077279944567479189442320667/1018488683433775236374830944510932156416000000000000000000000000000000000
   (896691864979601454764948695172735881365969089/1109858007038608237457750630398016000000000000,         -1) * x <= 521535935378790413462107136831054596457738688908301399028941440156641/5195403882091587817859367522411741184000000000000000000000000000000000
   (         1, -32648702941172777495760743100123818753762330806/56459732422039826894768563638926018186881165403) * x <= 27102480105493284845811242832344282275829780753312273149449539272761344140856321022295228843199/60410531004257993393886572843112743312578678462873600000000000000000000000000000000000000000000
   (         1,          0) * x <= 152994143736516754463119330421808117645210427315049/157286400000000000000000000000000000000000000000000
   (         0,         -1) * x <= 0
   (1590258129056409734990768547199163/2202244970980907028992000000000000,         -1) * x <= 656596845579969436553807609634244131500931678863463678467/13530593101706692786126848000000000000000000000000000000000
   ( 1481/1600,         -1) * x <= 9420521526276480769670595851026466889199319020067/52428800000000000000000000000000000000000000000000
   (106466670426913196905723825513/165095513366267392000000000000,         -1) * x <= 43452074214391015682397874886916478540700901754463617/1014346834122346856448000000000000000000000000000000000
   (         1, -209030864422011417288373420989182947577312726/285322412268117477559062609289222593788656363) * x <= 23829907778324330239619476955922397175866711534125639719986448321816609960750548173436099699/65323631826736583438640094890405211900553304473600000000000000000000000000000000000000000000
   (         1, -30071237360670822400000000000/37765115170371057425711683951) * x <= 658684255371166954563142519154936126574064945192346214663533298321940593048967/1979979670244350095561152735530188800000000000000000000000000000000000000000000
   (         1,         -1) * x <= 12075723903109378932700924810641500643879319020067/52428800000000000000000000000000000000000000000000
   (         1, -716800000000000/778687650229957) * x <= 11033202024353302579371534091881829646228219565115182435874001869/40825659076376369561600000000000000000000000000000000000000000000

Overapproximation of achievable values: Polytope with 18 Halfspaces:
   (         1,          0) * x <= 152994143736516754463119330421808117645210427315049/157286400000000000000000000000000000000000000000000
   (         0,         -1) * x <= 0
   (10066100990686976523529291718226687214547731609/20870009170654263753464983436453374429095463218, -10803908179967287229935691718226687214547731609/20870009170654263753464983436453374429095463218) * x <= 104125148018902440875526010763502438919349113115772788080824129618960466155828753732023601197803/1094189536806398263477664923593126677268160221963878400000000000000000000000000000000000000000000
   (11677941730862397420658711718255670839407158171/29325099429648363270729645290511094839407158171, -17647157698785965850070933572255424000000000000/29325099429648363270729645290511094839407158171) * x <= 12734554183334240359892064626265098523109672209020454446121445904027579/480462429055358783827634508439733777848846879473664000000000000000000000
   (35428881742221643402728906872819797983612646750/58114765905634756462065948183640336485446768013, -22685884163413113059337041310820538501834121263/58114765905634756462065948183640336485446768013) * x <= 1541458359661918477612905271050096306357585878070772801009754118952904130264283713245046823801991/6093774877426687039196726368260884947056383021599948800000000000000000000000000000000000000000000
   (34777267133525938185732567166237060768221474513/82156250991587297943228567883003332768221474513, -47378983858061359757496000716766272000000000000/82156250991587297943228567883003332768221474513) * x <= 507136260662433285086452222454450338617138428218723082781065034219342511/16152576194953995474022282274341519248894487661051904000000000000000000000
   (56459732422039826894768563638926018186881165403/89108435363212604390529306739049836940643496209, -32648702941172777495760743100123818753762330806/89108435363212604390529306739049836940643496209) * x <= 1328021525169170957444750898784869831515659256912301384323027424365305862901959730092466213316751/4671848335970800993070182917160296090993609734042419200000000000000000000000000000000000000000000
   (685620526781117138604250005081598941921148957/1291480783240805168266789982296706477630954277, -605860256459688029662539977215107535709805320/1291480783240805168266789982296706477630954277) * x <= 10380092445696373958912363251720805865490697101265451395334782360980754802751545292235081714869/67710787688375526006025878623837564574417775597977600000000000000000000000000000000000000000000
   (61968113450597621709565512873988842106881165403/147498043313783601615821419894735274106881165403, -85529929863185979906255907020746432000000000000/147498043313783601615821419894735274106881165403) * x <= 153677338349330736625262155260289933401928914662969014565536088326962001/5437367868719318689965640822999521144676067281416192000000000000000000000
   (8623800304579968949363629866553/195598228482614852738163629866553, -186974428178034883788800000000000/195598228482614852738163629866553) * x <= 1173206003788557423424742621946744920598924347370517659/400585171932395218407759113966700544000000000000000000000
   (1083774402350607808842803065497897061365969089/2402065524198713467233673695895913061365969089, -1318291121848105658390870630398016000000000000/2402065524198713467233673695895913061365969089) * x <= 16427256353268294796966998414869985653463155894186878405927844863219/272355996875236826623920483277222419359308218368000000000000000000000
   (302309916374053786610296238964061413788656363/524867424785642153230637659953244361365969089, -222557508411588366620341420989182947577312726/524867424785642153230637659953244361365969089) * x <= 5753338232987329944374452990872502321729022834961192670156847213947178998577161867656866831071/27518169240601475323298455746156657973184120173363200000000000000000000000000000000000000000000
   (2366114879055946617246628185910725482299337/4732181225031870463186125446564580964598674, -2366066345975923845939497260653855482299337/4732181225031870463186125446564580964598674) * x <= 28573828257386724404478335861056578226006627401275797171777999424541637897921012464803795579/248102583010950930140292733812845102476750959411200000000000000000000000000000000000000000000
   (896691864979601454764948695172735881365969089/2006549872018209692222699325570751881365969089, -1109858007038608237457750630398016000000000000/2006549872018209692222699325570751881365969089) * x <= 214750091038325464366749997518669539717892401315182929011917063593911/3867683894487805599691377147076611626388239712256000000000000000000000
   (183414252324516033409661147377609/387760443314219387265661147377609, -204346190989703353856000000000000/387760443314219387265661147377609) * x <= 5378144908026308653080499301725581964907649887166166990738024923401/63530671032601704409605922386347458560000000000000000000000000000000
   (180250731278387610928433946307160634180643496209/428905195007336643246507907369399930180643496209, -248654463728949032318073961062239296000000000000/428905195007336643246507907369399930180643496209) * x <= 49676273777508544799558123115096960858353319077279944567479189442320667/1756795678750050890737696388585062114019915760472064000000000000000000000
   (2375465997229098403471677443195753/5709636526896706555023677443195753, -3334170529667608151552000000000000/5709636526896706555023677443195753) * x <= 139828508159394483976963203664404397429035162516839981111/5011429545893337867723639172999243776000000000000000000000
   (285322412268117477559062609289222593788656363/494353276690128894847436030278405541365969089, -209030864422011417288373420989182947577312726/494353276690128894847436030278405541365969089) * x <= 5457048881236271624872860222906228953273476941314771495876896665696003681011875531716866831071/25918349072931429802177254144260468447168120173363200000000000000000000000000000000000000000000

13 pareto optimal points found (Note that these points are safe, i.e., contained in the underapproximation, but there is no guarantee for optimality):
   (38413530353326383550702539286030381798272113811817/52428800000000000000000000000000000000000000000000, 105351225800868018472006457901555524617571179167/209715200000000000000000000000000000000000000000 )
   (38414175132198578578863785494030381798272113811817/52428800000000000000000000000000000000000000000000, 105354027594087368183143053788105786304251179167/209715200000000000000000000000000000000000000000 )
   (556037253018662639292085915885511293/819200000000000000000000000000000000, 23519125342549093981992573806031222108120680979933/52428800000000000000000000000000000000000000000000 )
   (550129111481892605495643435885511293/819200000000000000000000000000000000, 23182930152916159818643157849668787529790680979933/52428800000000000000000000000000000000000000000000 )
   (3055201243302703582182623010983906749/4915200000000000000000000000000000000, 126399527417520822710932508625671612362720597610269/314572800000000000000000000000000000000000000000000 )
   (54945877583368632591143/768000000000000000000000, 692022604641222661654317387728123187/209715200000000000000000000000000000000 )
   (79174719660237177832933/1024000000000000000000000, 22982244840304243390420665142290586927/3145728000000000000000000000000000000000 )
   (152994143736516754463119330421808117645210427315049/157286400000000000000000000000000000000000000000000, 142546056129118274549698300021808117645210427315049/157286400000000000000000000000000000000000000000000 )
   (8161197127974140175742187/92160000000000000000000000, 181891910954804140307195656220360926759/11796480000000000000000000000000000000000 )
   (1999499678525341500435955646267214582929663828413/2621440000000000000000000000000000000000000000000, 56958024522816659763759931934022966832786752339943/104857600000000000000000000000000000000000000000000 )
   (408128422164003121618009/6144000000000000000000000,          0 )
   (38509950534966778168608784918030381798272113811817/52428800000000000000000000000000000000000000000000, 105835147685375696328092092647756571364291179167/209715200000000000000000000000000000000000000000 )
   (557815625385062639292085915885511293/819200000000000000000000000000000000, 23624476121534629981992573806031222108120680979933/52428800000000000000000000000000000000000000000000 )


Time for model checking: 1096.662s.

Performance statistics:
  * peak memory usage: 229MB
  * CPU time: 1050.976s
  * wallclock time: 1097.917s

real	18m18.088s
user	17m30.988s
sys	0m46.936s
