Storm 1.3.1 (dev)

Date: Mon Feb  4 16:03:07 2019
Command line arguments: --prism crowds/crowds.prism --prop crowds/crowds.props --constants 'TotalRuns=20,CrowdSize=20' --exact --statistics --timemem
Current working directory: /home/tim.quatmann/reward-bounded-dtmc/benchmarks

Time for model input parsing: 0.015s.

Time for model construction: 0.028s.

-------------------------------------------------------------- 
Model type: 	DTMC (sparse)
States: 	143
Transitions: 	563
Reward Models:  runCount, observe0
State Labels: 	2 labels
   * deadlock -> 0 item(s)
   * init -> 1 item(s)
Choice Labels: 	none
-------------------------------------------------------------- 

Model checking property "positive": P=? [true U^{rew{"runCount"}<=20 , rew{"observe0"}>1 }true] ...
---------------------------------
Statistics:
---------------------------------
          #checked epochs: 66.
             overall Time: 0.687s.
Epoch Model building Time: 0.010s.
Epoch Model checking Time: 0.673s.
---------------------------------
Result (for initial states): 29657623980878654409637369963055505353309054519978686915434438944466922228034963019854613332510222882077124967036594853203680977521406819/47390085596711948287946446246795632910802788006578198937600000000000000000000000000000000000000000000000000000000000000000000000000000000 (approx. 0.6258191689)
Time for model checking: 0.688s.

Performance statistics:
  * peak memory usage: 44MB
  * CPU time: 0.769s
  * wallclock time: 0.737s

real	0m0.796s
user	0m0.780s
sys	0m0.016s
