Storm 1.1.1 (dev)

Date: Fri Oct 20 01:32:47 2017
Command line arguments: --prism rover/rover.prism --prop rover/properties.props multi1 -const B1=99,B2=-1,B3=180,B4=100 --exact --minmax:method pi -tm 
Current working directory: /home/tim.quatmann/rewb23

Time for model construction: 0.320s.

-------------------------------------------------------------- 
Model type: 	MDP (sparse)
States: 	16
Transitions: 	30
Choices: 	20
Reward Models:  value, time, energy
State Labels: 	3 labels
   * deadlock -> 0 item(s)
   * init -> 1 item(s)
   * done -> 1 item(s)
Choice Labels: 	none
-------------------------------------------------------------- 

Model checking property multi(Pmax=? [true U{"value"}>99 done], Pmax=? [true U[{"time"}<=180 ,{"energy"}<=100 ]done]) ...
Objective/Dimension/Epoch count is: 2/3/86013.
WVC statistics: 
                overall Time: 3327.216s.
---------------------------------------------
     #checked weight vectors: 7.
             #checked epochs: 602091.
#Sched reused from prev. ep.: 541508.
   Epoch Model building time: 39.053s.
   Epoch Model checking time: 3273.855s.
Implicit unfolding statistics: 
 Memory Product size: 32
  maxSolutionsStored: 56140
Occurring Epoch model sizes: 2 16 16 16 16 16 16 16 2 16 16 16 16 16 16 16 2 16 16 16 16 16 16 16 2 16 16 16 16 16 16 16 2 16 16 16 16 16 16 16 2 16 16 16 16 16 16 16 2 16 16 16 16 16 16 16 
---------------------------------------------

Result (for initial states): 
Underapproximation of achievable values: Polytope with 6 Halfspaces:
   (       2/3,          1) * x <= 25191629920301543292749803/16384000000000000000000000
   (19938769178845761570555/31960121751463818761816,          1) * x <= 787046402023169588715764894014093342717868392829/523634634775983206593593344000000000000000000000
   (         1,          0) * x <= 1
   (11890440483716538781794/14428059412998632818805,          1) * x <= 393788289010264409308468526072912895907306681179/236389325422569600103301120000000000000000000000
   (3007651159950580297089229/3007651160426659140839229,          1) * x <= 22291108372903620804225123810309457085081599052137/12319339153107595840877481984000000000000000000000
   (         0,          1) * x <= 1

Overapproximation of achievable values: Polytope with 7 Halfspaces:
   (         1,          0) * x <= 1
   (         0,          1) * x <= 1
   (       1/2,        1/2) * x <= 7411467349721325213937053/8192000000000000000000000
   (780532650278674786062947/4876532650278674786062947, 4096000000000000000000000/4876532650278674786062947) * x <= 387102538804742165450314193058313601723867840427433/399485554710829038474276618240000000000000000000000
   (15610653005573495721258940/31475480571295116202041401, 15864827565721620480782461/31475480571295116202041401) * x <= 466926678458979226098876363871771096640753997965041/515694273680099183854246313984000000000000000000000
   (572397205820594235812795/1398968969408919012399111, 826571763588324776586316/1398968969408919012399111) * x <= 7035883481280305773132392080905425384860268788053/7640235864931909699715678208000000000000000000000
   (453492800983428847994855/1135783970441767296393121, 682291169458338448398266/1135783970441767296393121) * x <= 17169945481536722863857237634013706956836567512179/18608684571717915384104894464000000000000000000000

5 pareto optimal points found (Note that these points are safe, i.e., contained in the underapproximation, but there is no guarantee for optimality):
   (13376348839573340859160771/16384000000000000000000000, 16269520558835881152837441/16384000000000000000000000 )
   (13217426511205968667595871/16384000000000000000000000, 16380012246164230847685889/16384000000000000000000000 )
   (13347492720747343593523161/16384000000000000000000000, 16293301439803314230401029/16384000000000000000000000 )
   (66055172434278379519217539/81920000000000000000000000,          1 )
   (         1, 3315467349721325213937053/4096000000000000000000000 )


Time for model checking: 3327.269s.

Performance statistics:
  * peak memory usage: 218MB
  * CPU time: 3327.120s
  * wallclock time: 3327.677s

real	55m27.832s
user	55m27.128s
sys	0m0.204s
