Storm 1.1.1 (dev)

Date: Thu Oct 19 22:38:28 2017
Command line arguments: --prism wlan/wlan6.nm --prop wlan/properties.prctl single1 -const COL=0,B1=4000 --exact --minmax:method pi -tm 
Current working directory: /home/tim.quatmann/rewb23

Time for model construction: 201.216s.

-------------------------------------------------------------- 
Model type: 	MDP (sparse)
States: 	5007548
Transitions: 	11475748
Choices: 	6350470
Reward Models:  time
State Labels: 	3 labels
   * init -> 1 item(s)
   * deadlock -> 0 item(s)
   * ((s1 = 12) & (s2 = 12)) -> 1 item(s)
Choice Labels: 	none
-------------------------------------------------------------- 

Model checking property Pmin=? [true U{"time"}<=4000 ((s1 = 12) & (s2 = 12))] ...
Objective/Dimension/Epoch count is: 1/1/82.

real	120m3.731s
user	103m29.560s
sys	16m32.700s
