Storm 1.1.1 (dev)

Date: Wed Oct 18 02:37:52 2017
Command line arguments: --prism uav/unfolded_uav.prism --prop uav/unfolded_properties.props single1 -const COUNTER=0,B1=1000 -e sparse --exact --minmax:method pi -tm 
Current working directory: /home/tim.quatmann/rewb23

Time for model construction: 30.300s.

-------------------------------------------------------------- 
Model type: 	MDP (sparse)
States: 	399246
Transitions: 	2400514
Choices: 	759567
Reward Models:  none
State Labels: 	4 labels
   * deadlock -> 0 item(s)
   * bound1 -> 389554 item(s)
   * init -> 1 item(s)
   * ((w1 & w2) & w6) -> 238690 item(s)
Choice Labels: 	none
-------------------------------------------------------------- 

Model checking property Pmax=? [F ("bound1" & ((w1 & w2) & w6))] ...
Result (for initial states): 143440456541682484173019776542367879901247779717565117634337101728691696697255324212797952844885824645595368491226956679835774476438460607271290927587758575305246737419/143441881917165473366016000000000000000000000000000000000000000000000000000000000000000000000000000000000000000000000000000000000000000000000000000000000000000000000000 (approx. 0.999990063)
Time for model checking: 41.741s.

Performance statistics:
  * peak memory usage: 2059MB
  * CPU time: 70.728s
  * wallclock time: 72.378s

real	1m12.755s
user	1m10.936s
sys	0m1.792s
