Storm 1.1.1 (dev)

Date: Fri Oct 20 13:17:01 2017
Command line arguments: --prism jobsched/unfolded_02procs.prism --prop jobsched/unfolded_properties.props single2 -const B1=-1,B2=-1,B3=2,B4=130 -e sparse --exact --minmax:method pi -tm 
Current working directory: /home/tim.quatmann/rewb24

Time for model construction: 1.175s.

-------------------------------------------------------------- 
Model type: 	MDP (sparse)
States: 	19637
Transitions: 	36586
Choices: 	22871
Reward Models:  none
State Labels: 	4 labels
   * init -> 1 item(s)
   * deadlock -> 0 item(s)
   * bound4 -> 19359 item(s)
   * bound3 -> 8445 item(s)
Choice Labels: 	none
-------------------------------------------------------------- 

Model checking property Pmax=? [F (!("bound3") & "bound4")] ...
Result (for initial states): 1 (approx. 1)
Time for model checking: 0.066s.

Performance statistics:
  * peak memory usage: 225MB
  * CPU time: 1.184s
  * wallclock time: 1.255s

real	0m1.348s
user	0m1.192s
sys	0m0.140s
