Storm 1.1.1 (dev)

Date: Wed Oct 18 00:50:41 2017
Command line arguments: --prism service/unfolded_service.prism --prop service/unfolded_properties.prctl single1 -const B1=2400 -e sparse --exact --minmax:method pi -tm 
Current working directory: /home/tim.quatmann/rewb21

Time for model construction: 209.395s.

-------------------------------------------------------------- 
Model type: 	MDP (sparse)
States: 	5582812
Transitions: 	12140835
Choices: 	10898089
Reward Models:  none
State Labels: 	4 labels
   * init -> 1 item(s)
   * taskdone -> 189759 item(s)
   * deadlock -> 0 item(s)
   * bound1 -> 5506012 item(s)
Choice Labels: 	none
-------------------------------------------------------------- 

Model checking property Pmax=? [F ("bound1" & "taskdone")] ...
Result (for initial states): 150824816914729/151336128515625 (approx. 0.9966213514)
Time for model checking: 1734.954s.

Performance statistics:
  * peak memory usage: 29561MB
  * CPU time: 1812.816s
  * wallclock time: 1945.476s

real	32m27.023s
user	30m14.092s
sys	2m9.840s
