Storm 1.3.1 (dev)

Date: Mon Feb  4 15:50:37 2019
Command line arguments: --prism crowds/unfolded_crowds.prism --prop crowds/unfolded_crowds.props --constants 'TotalRuns=6,CrowdSize=20' --exact --statistics --timemem
Current working directory: /home/tim.quatmann/reward-bounded-dtmc/benchmarks

Time for model input parsing: 0.016s.

Time for model construction: 368.784s.

-------------------------------------------------------------- 
Model type: 	DTMC (sparse)
States: 	10291282
Transitions: 	37068802
Reward Models:  none
State Labels: 	3 labels
   * deadlock -> 219604 item(s)
   * init -> 1 item(s)
   * (observe0 > 1) -> 10626 item(s)
Choice Labels: 	none
-------------------------------------------------------------- 

Model checking property "positive": P=? [F (observe0 > 1)] ...
Result (for initial states): 2424588943513688408580233534610158569961/20125016430285324800000000000000000000000 (approx. 0.1204763709)
Time for model checking: 376.730s.

Performance statistics:
  * peak memory usage: 9986MB
  * CPU time: 741.619s
  * wallclock time: 747.914s

real	12m29.774s
user	12m23.030s
sys	0m6.046s
