Storm 1.1.1 (dev)

Date: Wed Oct 18 05:11:12 2017
Command line arguments: --prism firewire/unfolded_firewire.prism --prop firewire/unfolded_properties.props multi1 -const delay=36,B1=500,B2=10 -e sparse --exact --minmax:method pi -tm 
Current working directory: /home/tim.quatmann/rewb23

Time for model construction: 15.277s.

-------------------------------------------------------------- 
Model type: 	MDP (sparse)
States: 	666557
Transitions: 	1202470
Choices: 	998378
Reward Models:  none
State Labels: 	5 labels
   * deadlock -> 0 item(s)
   * bound1 -> 659957 item(s)
   * bound2 -> 665781 item(s)
   * init -> 1 item(s)
   * done -> 1248 item(s)
Choice Labels: 	none
-------------------------------------------------------------- 

Model checking property multi(Pmin=? [F ("bound1" & "done")], Pmin=? [F ("bound2" & "done")]) ...

real	120m0.749s
user	104m7.136s
sys	15m52.096s
