Storm 1.1.1 (dev)

Date: Wed Oct 18 00:54:53 2017
Command line arguments: --prism wlan/unfolded_wlan3.nm --prop wlan/unfolded_properties.prctl multi3 -const COL=0,B1=10000 -e sparse --exact --minmax:method pi -tm 
Current working directory: /home/tim.quatmann/rewb23

Time for model construction: 537.784s.

-------------------------------------------------------------- 
Model type: 	MDP (sparse)
States: 	13178684
Transitions: 	28242098
Choices: 	16870140
Reward Models:  collisions
State Labels: 	6 labels
   * deadlock -> 0 item(s)
   * init -> 1 item(s)
   * ((s1 = 12) & (s2 = 12)) -> 183 item(s)
   * bound1 -> 13095601 item(s)
   * (s1 = 12) -> 158325 item(s)
   * (s2 = 12) -> 158325 item(s)
Choice Labels: 	none
-------------------------------------------------------------- 

Model checking property multi(Pmin=? [F ("bound1" & (s1 = 12))], Pmin=? [F ("bound1" & (s2 = 12))], R[exp]{"collisions"}max=? [F ((s1 = 12) & (s2 = 12))]) ...

real	120m9.510s
user	77m0.116s
sys	6m14.820s
