Storm 1.1.1 (dev)

Date: Wed Oct 18 09:20:42 2017
Command line arguments: --prism uav/unfolded_uav.prism --prop uav/unfolded_properties.props multi1 -const COUNTER=0,B1=500 -e sparse --exact --minmax:method pi -tm 
Current working directory: /home/tim.quatmann/rewb21

Time for model construction: 2.988s.

-------------------------------------------------------------- 
Model type: 	MDP (sparse)
States: 	39140
Transitions: 	223206
Choices: 	65239
Reward Models:  ROZ
State Labels: 	4 labels
   * deadlock -> 0 item(s)
   * bound1 -> 29448 item(s)
   * init -> 1 item(s)
   * ((w1 & w2) & w6) -> 14166 item(s)
Choice Labels: 	none
-------------------------------------------------------------- 

Model checking property multi(Pmax=? [F ("bound1" & ((w1 & w2) & w6))], R[exp]{"ROZ"}min=? [F !("bound1")]) ...
Result (for initial states): 
Underapproximation of achievable values: Polytope with 13 Halfspaces:
   (2593911493841599559485426889545628316520594541/3192274970191237185536000000000000000000000000,         -1) * x <= 250586381627473664965611941845890671398431636667766729886418377525543676651135597/3138133986696793802869309440000000000000000000000000000000000000000000000000000000
   (1987921426726146864595762889545628316520594541/2502449149527265345536000000000000000000000000,         -1) * x <= 56180345368097076614140692421040510664834058949280835416650755932573959227549199/820002537317094308425236480000000000000000000000000000000000000000000000000000000
   (         1, -377206484304153804800000000000000000000000/438983809639531336636986478045632413816633) * x <= 19329891447567864230401480289704709245600372709594461202477347435991320526615545428719656483/69046183076487181626819709980476558092528464691200000000000000000000000000000000000000000000
   (         1, -13377975323008730706455898943307708644948014464000000000000/17275292081341367282897666045283101679554380947702118721397) * x <= 126097729803759482920830295500235530173755798189911798162549572663120742413956252734101467781420202510914779/388166928631812975857822208666402292001580311927522075151591014400000000000000000000000000000000000000000000
   (         1, -1841561600000000000000000000000/2066291998509330273384887923811) * x <= 85511077935521579477695113252578516515423662225660829462052841525035026862423761/324999629794337925111724835939706470400000000000000000000000000000000000000000000
   (         1, -1995540767571249759728687558407924400240789171584000000000000/3261702194180665989371791922262923996875904856763871616433157) * x <= 71521622686677920451237067903669846757417640522762724795709488150547110018443211601275103159873272604562893231/171007131998259301023575804333938389647407440554301672203650701721600000000000000000000000000000000000000000000
   (         0,         -1) * x <= 0
   (         1,          0) * x <= 152994143736516754463119330421808117645210427315049/157286400000000000000000000000000000000000000000000
   (         1,         -1) * x <= 2071722756266785926889704697891604681840603175205157959842692681/10066329600000000000000000000000000000000000000000000000000000000
   (         1, -78971614003200000000000000000000000000000000000/109329825898512428351798510176367507069356503791) * x <= 101543165807430315308421730236452044524013165575734878697434038022684522255248289592681808013683/286601578803396420178538686516736837731893913297879040000000000000000000000000000000000000000000
   (71325092777616618444585519302412774222713/93656824368693248000000000000000000000000,         -1) * x <= 29109797576029805271988016065724525801479423250244097271877638417/575427528921251315712000000000000000000000000000000000000000000000
   (60926777383793125912117334210428249502861885541313643835809/72047249981350927197296040345473024000000000000000000000000,         -1) * x <= 101894972390252528052079700705626042557746523797113142545403765913825499976991760963/1011790408880960221028998564303054307328000000000000000000000000000000000000000000000
   (4197820467040718699535550109088808114115372901649698383566843/5480650573598717898851813569327771648000000000000000000000000,         -1) * x <= 13708597739275997081925618488801817473922013095227304353624778727935667338891390095111/269384936993524182164364340559598632042496000000000000000000000000000000000000000000000

Overapproximation of achievable values: Polytope with 16 Halfspaces:
   (         1,          0) * x <= 152994143736516754463119330421808117645210427315049/157286400000000000000000000000000000000000000000000
   (         0,         -1) * x <= 0
   (10066100990686976523529291718226687214547731609/20870009170654263753464983436453374429095463218, -10803908179967287229935691718226687214547731609/20870009170654263753464983436453374429095463218) * x <= 17325513741506157057743923807362075419967643216545092576958853405313668898052952868463209914557876183056653729/210084391066828466587711665329880322035486762617064652800000000000000000000000000000000000000000000000000000000
   (2364126159984234112427465072797606567742657847155136945208753/5752336727416212133352065438670647975742657847155136945208753, -3388210567431978020924600365873041408000000000000000000000000/5752336727416212133352065438670647975742657847155136945208753) * x <= 137838154210144154759971836979923998787733141408544725676372069448129502412804176111/5048908121892172478187870007884637308994698544703023055908939776000000000000000000000
   (2145487083843531370113657616967949304374725913676863054791247/3597427381036898028200247140860463768492109674508863054791247, -1451940297193366658086589523892514464117383760832000000000000/3597427381036898028200247140860463768492109674508863054791247) * x <= 12234293975058995970233055466761635822963677759047132877264959995082000930901791230947958200636097620893561953/53888228764259234097401462085355737950148319915111508379154094489600000000000000000000000000000000000000000000
   (2364126159984234112427465072797606567742657847155136945208753/5421799106618632936881998238670647975742657847155136945208753, -3057672946634398824454533165873041408000000000000000000000000/5421799106618632936881998238670647975742657847155136945208753) * x <= 4755608002371506421515259846406893638419834372633469503643332389518411593148327879653/152281296964868026350642272815508393887830353430496737789086072832000000000000000000000
   (3261702194180665989371791922262923996875904856763871616433157/5257242961751915749100479480670848397116694028347871616433157, -1995540767571249759728687558407924400240789171584000000000000/5257242961751915749100479480670848397116694028347871616433157) * x <= 10217374669525417207319581129095692393916805788966103542244212592935301431206173085896443308553324657794699033/39375848541871262918062745513742253777535961124777841629092957388800000000000000000000000000000000000000000000
   (7738887018845088352297167756939658735891330605938755587589/14568509776856242912030186474060745412537784365938755587589, -6829622758011154559733018717121086676646453760000000000000/14568509776856242912030186474060745412537784365938755587589) * x <= 108621932380987141595462365815734062261466696052134123287180782913214072542747665321341402145859158990889893/763809485388840588386248240611236009084860988964929828950586163200000000000000000000000000000000000000000000
   (4214526779474306451555602952728317862672178255399798383566843/9717114375634207321891986122056089510672178255399798383566843, -5502587596159900870336383169327771648000000000000000000000000/9717114375634207321891986122056089510672178255399798383566843) * x <= 1966163472392227053326866215463845587145511792924164849766474874194061678013055727873/68230800827310365469376414553042987375508415087058698592725352448000000000000000000000
   (73373902105552024456189483729149076826198716328476356164191/129478127766667633542684220559072202761042759720476356164191, -56104225661115609086494736829923125934844043392000000000000/129478127766667633542684220559072202761042759720476356164191) * x <= 25937250474824943943089807478437802727386560722494138083317549316280325978442995509436768069108114644416397/138538425817409469907809846180560912328942013078222669021655859200000000000000000000000000000000000000000000
   (73389362927737396185618170409556467544733919844353643835809/160926262514722650267430050755029491544733919844353643835809, -87536899586985254081811880345473024000000000000000000000000/160926262514722650267430050755029491544733919844353643835809) * x <= 827193215750522101498706248703964701639066873146059157310308619991361450617731355509/15819695310247295411889443709422419136813523256379340603635367936000000000000000000000
   (7578698688529285415376204079496341476927630163/15156744649547426109659395313588679020285508563, -7578045961018140694283191234092337543357878400/15156744649547426109659395313588679020285508563) * x <= 4907632647297130238958679689235287308235164858389460979104507862900912637309262138997844054340819341052497/47678996032931525641086630301024688077124692280868864000000000000000000000000000000000000000000000000000000
   (18262610567601637212127912333055533541469370228002118721397/32488960994458840240959491276363242186417384692002118721397, -14226350426857203028831578943307708644948014464000000000000/32488960994458840240959491276363242186417384692002118721397) * x <= 926158967481041263886408037821223572780570385590531489828338810760133275894104792362443653865856717576403453/5110071714558850929675650928690579455829719335620122046061137100800000000000000000000000000000000000000000000
   (60926777383793125912117334210428249502861885541313643835809/132974027365144053109413374555901273502861885541313643835809, -72047249981350927197296040345473024000000000000000000000000/132974027365144053109413374555901273502861885541313643835809) * x <= 713264806731767696364557904939382297904225666579791997817826361396778499838942326741/13071878786103120996867772372343318790425334796253296443635367936000000000000000000000
   (109329825898512428351798510176367507069356503791/188301439901712428351798510176367507069356503791, -78971614003200000000000000000000000000000000000/188301439901712428351798510176367507069356503791) * x <= 101543165807430315308421730236452044524013165575734878697434038022684522255248289592681808013683/493620926615945028178538686516736837731893913297879040000000000000000000000000000000000000000000
   (2290916460283873212040594889545628316520594541/5138278520143124477576594889545628316520594541, -2847362059859251265536000000000000000000000000/5138278520143124477576594889545628316520594541) * x <= 209563708865882447404017009554506101696466906757804618068185322661632777166891597/5051133316441497086436895840218934460272405257584640000000000000000000000000000000

12 pareto optimal points found (Note that these points are safe, i.e., contained in the underapproximation, but there is no guarantee for optimality):
   (557808429192292605495643435885511293/819200000000000000000000000000000000, 4782627221648105609440761842269558086543396824794842040157307319/10066329600000000000000000000000000000000000000000000000000000000 )
   (152994143736516754463119330421808117645210427315049/157286400000000000000000000000000000000000000000000, 142546056129118274549698300021808117645210427315049/157286400000000000000000000000000000000000000000000 )
   (38509950534966778168608784918030381798272113811817/52428800000000000000000000000000000000000000000000, 5325184034617362337470818309004249979380456819380195470157307319/10066329600000000000000000000000000000000000000000000000000000000 )
   (3097763390831023582182623010983906749/4915200000000000000000000000000000000, 2900823449588105587613343371595080577292255496146380523318574463/6710886400000000000000000000000000000000000000000000000000000000 )
   (1022581303460615570801312096994635583/1638400000000000000000000000000000000, 8602558273357445538335735200687874384031291549556466849955723389/20132659200000000000000000000000000000000000000000000000000000000 )
   (42167169506478228156469/614400000000000000000000, 112656233510493407788556342275760737768057435454841/67108864000000000000000000000000000000000000000000000 )
   (38416092411173042101755956758030381798272113811817/52428800000000000000000000000000000000000000000000, 5304211908991464813769074032482531867985589574582703020157307319/10066329600000000000000000000000000000000000000000000000000000000 )
   (1999499678525341500435955646267214582929663828413/2621440000000000000000000000000000000000000000000, 11384274302726349981220978164610261967413422404561620049955723389/20132659200000000000000000000000000000000000000000000000000000000 )
   (1014737135480019929167349856994635583/1638400000000000000000000000000000000, 8525987674876521951496984773369387036185816610673792129955723389/20132659200000000000000000000000000000000000000000000000000000000 )
   (38414175132198578578863785494030381798272113811817/52428800000000000000000000000000000000000000000000, 5303798869115341160252142116962228623427642676663706040157307319/10066329600000000000000000000000000000000000000000000000000000000 )
   (408128422164003121618009/6144000000000000000000000,          0 )
   (2024254091859050300435955646267214582929663828413/2621440000000000000000000000000000000000000000000, 3882490548566550615287415781351181270968993057030986573318574463/6710886400000000000000000000000000000000000000000000000000000000 )


Time for model checking: 99.226s.

Performance statistics:
  * peak memory usage: 400MB
  * CPU time: 101.840s
  * wallclock time: 102.301s

real	1m42.433s
user	1m41.864s
sys	0m0.452s
