Storm 1.1.1 (dev)

Date: Wed Oct 18 01:38:34 2017
Command line arguments: --prism rover/unfolded_rover.prism --prop rover/unfolded_properties.props single1 -const B1=99,B2=-1,B3=180,B4=100 -e sparse --exact --minmax:method pi -tm 
Current working directory: /home/tim.quatmann/rewb23

Time for model construction: 49.327s.

-------------------------------------------------------------- 
Model type: 	MDP (sparse)
States: 	1376208
Transitions: 	2580390
Choices: 	1720260
Reward Models:  none
State Labels: 	6 labels
   * deadlock -> 0 item(s)
   * init -> 1 item(s)
   * bound1 -> 1349280 item(s)
   * bound4 -> 1357760 item(s)
   * bound3 -> 1342224 item(s)
   * done -> 86013 item(s)
Choice Labels: 	none
-------------------------------------------------------------- 

Model checking property Pmax=? [F (((!("bound1") & "bound3") & "bound4") & done)] ...
Result (for initial states): 3315467349721325213937053/4096000000000000000000000 (approx. 0.8094402709)
Time for model checking: 654.630s.

Performance statistics:
  * peak memory usage: 10054MB
  * CPU time: 626.540s
  * wallclock time: 704.497s

real	11m45.303s
user	10m26.544s
sys	1m17.916s
