Storm 1.1.1 (dev)

Date: Wed Oct 18 00:51:48 2017
Command line arguments: --prism wlan/unfolded_wlan3.nm --prop wlan/unfolded_properties.prctl single1 -const COL=0,B1=4000 -e sparse --exact --minmax:method pi -tm 
Current working directory: /home/tim.quatmann/rewb23

Time for model construction: 113.369s.

-------------------------------------------------------------- 
Model type: 	MDP (sparse)
States: 	3129139
Transitions: 	6578533
Choices: 	4001675
Reward Models:  none
State Labels: 	4 labels
   * init -> 1 item(s)
   * deadlock -> 0 item(s)
   * bound1 -> 3041883 item(s)
   * ((s1 = 12) & (s2 = 12)) -> 63 item(s)
Choice Labels: 	none
-------------------------------------------------------------- 

Model checking property Pmin=? [F ("bound1" & ((s1 = 12) & (s2 = 12)))] ...
Result (for initial states): 209/256 (approx. 0.81640625)
Time for model checking: 11.957s.

Performance statistics:
  * peak memory usage: 1968MB
  * CPU time: 124.472s
  * wallclock time: 125.891s

real	2m7.197s
user	2m5.032s
sys	0m1.636s
