Storm 1.1.1 (dev)

Date: Wed Oct 18 03:10:00 2017
Command line arguments: --prism jobsched/unfolded_03procs.prism --prop jobsched/unfolded_properties.props multi1 -const B1=2,B2=65,B3=3,B4=195 -e sparse --exact --minmax:method pi -tm 
Current working directory: /home/tim.quatmann/rewb23

Time for model construction: 134.000s.

-------------------------------------------------------------- 
Model type: 	MDP (sparse)
States: 	1860623
Transitions: 	4006820
Choices: 	2135350
Reward Models:  none
State Labels: 	6 labels
   * deadlock -> 0 item(s)
   * bound1 -> 1849308 item(s)
   * bound4 -> 1472634 item(s)
   * init -> 1 item(s)
   * bound2 -> 1801251 item(s)
   * bound3 -> 1375928 item(s)
Choice Labels: 	none
-------------------------------------------------------------- 

Model checking property multi(Pmax=? [F (!("bound1") & "bound2")], Pmax=? [F (!("bound3") & "bound4")]) ...
Result (for initial states): 
Underapproximation of achievable values: Polytope with 26 Halfspaces:
   (         1,    556/873) * x <= 394805717/463947993
   (         1,      16/27) * x <= 3943441/4782969
   (         1,        8/9) * x <= 4802873/4782969
   (         1,    188/945) * x <= 5303483/7971615
   (   162/697,          1) * x <= 2449795/3011499
   (402057/437738,          1) * x <= 141544531/136761858
   (         1,    148/891) * x <= 34732223/52612659
   (   108/233,          1) * x <= 108968123/123825753
   (         1,  1022/2097) * x <= 848958907/1114431777
   ( 3258/4079,          1) * x <= 6423478025/6503243517
   (         1,        4/9) * x <= 395557/531441
   (         1,  2294/7587) * x <= 310295693/448004763
   (         1,     52/147) * x <= 2052437/2893401
   (         1,    568/675) * x <= 116602481/119574225
   (204498/900311,          1) * x <= 388493825555/478462178151
   (         1,          0) * x <= 1411/2187
   (163161/194785,          1) * x <= 103639262624/103516735185
   (         0,          1) * x <= 1198139/1594323
   ( 2808/4807,          1) * x <= 2337626329/2554636887
   (         1,     16/297) * x <= 420427/649539
   (         1,     16/243) * x <= 344617/531441
   (         1,       8/81) * x <= 3117433/4782969
   (         1,        2/9) * x <= 356647/531441
   (         1, 16456/34317) * x <= 1535718469/2026384533
   (         1,      16/81) * x <= 3180697/4782969
   (     36/79,          1) * x <= 110554391/125951517

Overapproximation of achievable values: Polytope with 35 Halfspaces:
   (         1,          0) * x <= 1411/2187
   (         0,          1) * x <= 1198139/1594323
   (1136174/2164769, 1028595/2164769) * x <= 5511682743871/10354023019161
   (687393/910465, 223072/910465) * x <= 28406164513/53762047785
   (658950/2852447, 2193497/2852447) * x <= 8739899306557/13643165575143
   (344439/506491, 162052/506491) * x <= 15342895123/29907787059
   (476523/1089043, 612520/1089043) * x <= 319237268603/578762100963
   ( 6351/7481,  1130/7481) * x <= 6702864023/11927130363
   (204687/252925, 48238/252925) * x <= 8154866689/14934968325
   (272025/408373, 136348/408373) * x <= 37107461959/72342051831
   (74223/160243, 86020/160243) * x <= 46250347547/85159700163
   (26352/71957, 45605/71957) * x <= 22133071619/38240900037
   (138267/151049, 12782/151049) * x <= 590694829/991032489
   (70758/4201169, 4130411/4201169) * x <= 14936503207655/20094061090761
   (34101/40999, 6898/40999) * x <= 1341334723/2420949951
   (  797/1365,   568/1365) * x <= 488466739/932678955
   (125253/185759, 60506/185759) * x <= 802616237/1566983313
   (74115/78131, 4016/78131) * x <= 104920697/170872497
   ( 1341/1817,   476/1817) * x <= 56206913/107292033
   (402057/839795, 437738/839795) * x <= 990811717/1836631665
   (355644/781925, 426281/781925) * x <= 226548959323/415547003925
   (212274/1146041, 933767/1146041) * x <= 402957415235/609053175081
   ( 3564/4051,   487/4051) * x <= 138158087/239207499
   ( 7587/9881,  2294/9881) * x <= 310295693/583463169
   (   279/454,    175/454) * x <= 62659828/120637107
   (28269/33871, 5602/33871) * x <= 1110282619/2000048679
   ( 2097/3119,  1022/3119) * x <= 848958907/1657564479
   (34317/50773, 16456/50773) * x <= 1535718469/2998094877
   ( 2808/7615,  4807/7615) * x <= 2337626329/4046923215
   (  891/1039,   148/1039) * x <= 34732223/61351911
   ( 2709/5021,  2312/5021) * x <= 1414440677/2668365261
   (163161/357946, 194785/357946) * x <= 51819631312/95113590093
   (  540/1711,  1171/1711) * x <= 547220017/909295551
   (      9/11,       2/11) * x <= 356647/649539
   (     81/89,       8/89) * x <= 3117433/5255361

25 pareto optimal points found (Note that these points are safe, i.e., contained in the underapproximation, but there is no guarantee for optimality):
   (3069793/4782969, 1985/19683 )
   (12635/19683,   217/2187 )
   (17991169/43046721, 1038053/1594323 )
   (331745/531441, 12187/59049 )
   (4119475/14348907, 44095/59049 )
   (101507/177147, 22759/59049 )
   (327233/531441, 14707/59049 )
   (4130627/14348907, 132253/177147 )
   (4958203/14348907, 378247/531441 )
   (4168099/14348907, 396119/531441 )
   (2475665/4782969, 88757/177147 )
   (2221313/4782969, 35839/59049 )
   (2200865/4782969, 36139/59049 )
   (2254913/4782969, 105533/177147 )
   (2193569/4782969, 108721/177147 )
   (3058705/4782969, 2447/19683 )
   (2248001/4782969, 105965/177147 )
   (4142003/14348907, 44063/59049 )
   (101443/177147, 22807/59049 )
   (4860307/14348907, 381143/531441 )
   (105251/177147, 19231/59049 )
   (3034729/4782969, 3041/19683 )
   (11458114/43046721, 1198139/1594323 )
   ( 1411/2187,    85/2187 )
   (324929/531441, 15859/59049 )


Time for model checking: 6104.334s.

Performance statistics:
  * peak memory usage: 7290MB
  * CPU time: 5544.076s
  * wallclock time: 6239.122s

real	104m0.157s
user	92m24.780s
sys	11m33.936s
