Storm 1.1.1 (dev)

Date: Wed Oct 18 09:23:35 2017
Command line arguments: --prism resources/unfolded_resources5_5.prism --prop resources/unfolded_properties.prctl single1 -const B1=10,B2=10,B3=130 -e sparse --exact --minmax:method pi -tm 
Current working directory: /home/tim.quatmann/rewb21

Time for model construction: 42.035s.

-------------------------------------------------------------- 
Model type: 	MDP (sparse)
States: 	625075
Transitions: 	2173624
Choices: 	2011352
Reward Models:  none
State Labels: 	5 labels
   * deadlock -> 0 item(s)
   * bound1 -> 607879 item(s)
   * bound2 -> 619183 item(s)
   * init -> 1 item(s)
   * bound3 -> 611539 item(s)
Choice Labels: 	none
-------------------------------------------------------------- 

Model checking property Pmax=? [F ((!("bound1") & !("bound2")) & "bound3")] ...
Result (for initial states): 0 (approx. 0)
Time for model checking: 3.376s.

Performance statistics:
  * peak memory usage: 660MB
  * CPU time: 45.140s
  * wallclock time: 45.556s

real	0m45.835s
user	0m45.308s
sys	0m0.480s
