Storm 1.1.1 (dev)

Date: Wed Oct 18 06:28:28 2017
Command line arguments: --prism resources/unfolded_resources5_5.prism --prop resources/unfolded_properties.prctl multi1 -const B1=10,B2=10,B3=130 -e sparse --exact --minmax:method pi -tm 
Current working directory: /home/tim.quatmann/rewb23

Time for model construction: 42.663s.

-------------------------------------------------------------- 
Model type: 	MDP (sparse)
States: 	625075
Transitions: 	2173624
Choices: 	2011352
Reward Models:  none
State Labels: 	5 labels
   * deadlock -> 0 item(s)
   * bound1 -> 607879 item(s)
   * bound2 -> 619183 item(s)
   * init -> 1 item(s)
   * bound3 -> 611539 item(s)
Choice Labels: 	none
-------------------------------------------------------------- 

Model checking property multi(Pmax=? [F (!("bound1") & "bound3")], Pmax=? [F (!("bound2") & "bound3")]) ...
Result (for initial states): 
Underapproximation of achievable values: Polytope with 4 Halfspaces:
   (         1,          0) * x <= 49999541667158770110503071196611024719/50000000000000000000000000000000000000
   (         0,          1) * x <= 1
   (         1, 698441667158770110503071196611024719/698900000000000000000000000000000000) * x <= 49999541667158770110503071196611024719/50000000000000000000000000000000000000
   (         1,          1) * x <= 1

Overapproximation of achievable values: Polytope with 3 Halfspaces:
   (         1,          0) * x <= 49999541667158770110503071196611024719/50000000000000000000000000000000000000
   (         0,          1) * x <= 1
   (50000000000000000000000000000000000000/99999541667158770110503071196611024719, 49999541667158770110503071196611024719/99999541667158770110503071196611024719) * x <= 24999996796711772644302305964593114451761091/49999770833579385055251535598305512359500000

3 pareto optimal points found (Note that these points are safe, i.e., contained in the underapproximation, but there is no guarantee for optimality):
   (493011/500000, 6989/500000 )
   (         0,          1 )
   (49999541667158770110503071196611024719/50000000000000000000000000000000000000,          0 )


Time for model checking: 2004.100s.

Performance statistics:
  * peak memory usage: 3707MB
  * CPU time: 1861.616s
  * wallclock time: 2046.970s

real	34m7.547s
user	31m1.752s
sys	3m5.288s
