Storm 1.3.1 (dev)

Date: Sun Feb 10 11:28:58 2019
Command line arguments: --prism resources/resources.prism --prop resources/quantile.props --constants STEPS=100 --sound '--native:method' ii --statistics --timemem
Current working directory: /home/tim.quatmann/quantiles/quantiles

 WARN (NativeEquationSolverSettings.cpp:123): Native is not selected as the preferred equation solver, so setting options for native might have no effect.
Time for model input parsing: 0.007s.

Time for model construction: 0.023s.

-------------------------------------------------------------- 
Model type: 	MDP (sparse)
States: 	94
Transitions: 	326
Choices: 	302
Reward Models:  steps, gold, gem
State Labels: 	2 labels
   * deadlock -> 0 item(s)
   * init -> 1 item(s)
Choice Labels: 	none
-------------------------------------------------------------- 

Model checking property "goldgem": quantile(max GOLD, max GEM, Pmax>19/20 [true U^{rew{"gold"}>=GOLD , rew{"gem"}>=GEM , rew{"steps"}<=100 }true]) ...
Number of checked epochs: 9791
Number of required precision refinements: 0
Result (for initial states): 
7 Pareto optimal points found:
   (         0,         10 )
   (         1,          9 )
   (         4,          8 )
   (         7,          7 )
   (         8,          4 )
   (         9,          2 )
   (        10,          0 )


Time for model checking: 3.329s.

Performance statistics:
  * peak memory usage: 44MB
  * CPU time: 3.414s
  * wallclock time: 3.367s

real	0m3.607s
user	0m3.422s
sys	0m0.019s
