Storm 1.3.1 (dev)

Date: Fri Feb  8 18:23:27 2019
Command line arguments: --prism rover/rover.prism --prop rover/quantile.props --constants GoalValue=100 --sound '--native:method' ii --statistics --timemem
Current working directory: /home/tim.quatmann/quantiles/quantiles

 WARN (NativeEquationSolverSettings.cpp:123): Native is not selected as the preferred equation solver, so setting options for native might have no effect.
Time for model input parsing: 0.005s.

Time for model construction: 0.021s.

-------------------------------------------------------------- 
Model type: 	MDP (sparse)
States: 	16
Transitions: 	30
Choices: 	20
Reward Models:  value, time, energy
State Labels: 	3 labels
   * deadlock -> 0 item(s)
   * init -> 1 item(s)
   * done -> 1 item(s)
Choice Labels: 	none
-------------------------------------------------------------- 

Model checking property "timeenergy": quantile(min TIME, min ENERGY, Pmax>19/20 [true U^{rew{"value"}>=100 , rew{"time"}<=TIME , rew{"energy"}<=ENERGY }done]) ...
Number of checked epochs: 266914
Number of required precision refinements: 0
Result (for initial states): 
24 Pareto optimal points found:
   (       115,        135 )
   (       120,        134 )
   (       125,        133 )
   (       130,        132 )
   (       135,        131 )
   (       145,        130 )
   (       150,        129 )
   (       155,        128 )
   (       165,        127 )
   (       170,        126 )
   (       180,        125 )
   (       185,        124 )
   (       195,        123 )
   (       200,        122 )
   (       205,        121 )
   (       215,        120 )
   (       220,        119 )
   (       230,        118 )
   (       235,        117 )
   (       240,        116 )
   (       250,        115 )
   (       255,        114 )
   (       265,        113 )
   (       280,        112 )


Time for model checking: 872.649s.

Performance statistics:
  * peak memory usage: 73MB
  * CPU time: 872.411s
  * wallclock time: 872.683s

real	14m32.799s
user	14m32.472s
sys	0m0.045s
