Storm 1.3.1 (dev)

Date: Mon Feb 11 10:13:14 2019
Command line arguments: --prism wlan/wlan6.prism --prop wlan/quantile.props --constants COL=0 --exact --statistics --timemem
Current working directory: /home/tim.quatmann/quantiles/quantiles

Time for model input parsing: 0.054s.

Time for model construction: 179.860s.

-------------------------------------------------------------- 
Model type: 	MDP (sparse)
States: 	5007548
Transitions: 	11475748
Choices: 	6350470
Reward Models:  time
State Labels: 	4 labels
   * deadlock -> 0 item(s)
   * (s2 = 12) -> 10891 item(s)
   * init -> 1 item(s)
   * (s1 = 12) -> 10891 item(s)
Choice Labels: 	none
-------------------------------------------------------------- 

Model checking property "time1time2": quantile(min T1, min T2, Pmin>19/20 [multi(true Urew{"time"}<=T1 (s1 = 12), true Urew{"time"}<=T2 (s2 = 12))]) ...

real	120m0.666s
user	118m59.955s
sys	0m55.630s
