Storm 1.3.1 (dev)

Date: Fri Feb  8 20:23:44 2019
Command line arguments: --prism rover/rover.prism --prop rover/quantile.props --constants GoalValue=150 --sound '--native:method' ii --statistics --timemem
Current working directory: /home/tim.quatmann/quantiles/quantiles

 WARN (NativeEquationSolverSettings.cpp:123): Native is not selected as the preferred equation solver, so setting options for native might have no effect.
Time for model input parsing: 0.005s.

Time for model construction: 0.020s.

-------------------------------------------------------------- 
Model type: 	MDP (sparse)
States: 	16
Transitions: 	30
Choices: 	20
Reward Models:  value, time, energy
State Labels: 	3 labels
   * deadlock -> 0 item(s)
   * init -> 1 item(s)
   * done -> 1 item(s)
Choice Labels: 	none
-------------------------------------------------------------- 

Model checking property "timeenergy": quantile(min TIME, min ENERGY, Pmax>19/20 [true U^{rew{"value"}>=150 , rew{"time"}<=TIME , rew{"energy"}<=ENERGY }done]) ...
Number of checked epochs: 789237
Number of required precision refinements: 0
Result (for initial states): 
34 Pareto optimal points found:
   (       160,        194 )
   (       165,        191 )
   (       170,        190 )
   (       175,        189 )
   (       180,        188 )
   (       190,        187 )
   (       195,        186 )
   (       205,        185 )
   (       210,        184 )
   (       215,        183 )
   (       225,        182 )
   (       230,        181 )
   (       240,        180 )
   (       245,        179 )
   (       250,        178 )
   (       260,        177 )
   (       265,        176 )
   (       270,        175 )
   (       280,        174 )
   (       285,        173 )
   (       295,        172 )
   (       300,        171 )
   (       305,        170 )
   (       315,        169 )
   (       320,        168 )
   (       325,        167 )
   (       335,        166 )
   (       340,        165 )
   (       350,        164 )
   (       355,        163 )
   (       360,        162 )
   (       370,        161 )
   (       380,        160 )
   (       390,        159 )


Time for model checking: 6148.459s.

Performance statistics:
  * peak memory usage: 126MB
  * CPU time: 6142.163s
  * wallclock time: 6148.490s

real	102m28.555s
user	102m22.168s
sys	0m4.387s
