Storm 1.3.1 (dev)

Date: Sat Feb  9 23:40:09 2019
Command line arguments: --prism jobsched/jobsched03.prism --prop jobsched/quantile.props --constants BOUND=3 --exact --statistics --timemem
Current working directory: /home/tim.quatmann/quantiles/quantiles

Time for model input parsing: 0.013s.

Time for model construction: 0.290s.

-------------------------------------------------------------- 
Model type: 	MDP (sparse)
States: 	4584
Transitions: 	10376
Choices: 	5623
Reward Models:  utilityGlobal, energyLocal, energyGlobal
State Labels: 	2 labels
   * deadlock -> 0 item(s)
   * init -> 1 item(s)
Choice Labels: 	none
-------------------------------------------------------------- 

Model checking property "gloLoEnergy": quantile(min glE, min loE, Pmax>19/20 [true U^{rew{"utilityGlobal"}>=3 , rew{"energyGlobal"}<=glE , rew{"energyLocal"}<=loE }true]) ...
Number of checked epochs: 35374
Number of required precision refinements: 0
Result (for initial states): 
5 Pareto optimal points found:
   (       174,         52 )
   (       175,         35 )
   (       180,         34 )
   (       199,         33 )
   (       205,         32 )


Time for model checking: 630.285s.

Performance statistics:
  * peak memory usage: 6932MB
  * CPU time: 623.181s
  * wallclock time: 631.114s

real	10m31.182s
user	10m23.192s
sys	0m7.567s
