Storm 1.3.1 (dev)

Date: Mon Feb 11 12:13:16 2019
Command line arguments: --prism firewire/firewire.prism --prop firewire/quantile.props --constants delay=36 --sound '--native:method' ii --statistics --timemem
Current working directory: /home/tim.quatmann/quantiles/quantiles

 WARN (NativeEquationSolverSettings.cpp:123): Native is not selected as the preferred equation solver, so setting options for native might have no effect.
Time for model input parsing: 0.005s.

Time for model construction: 0.026s.

-------------------------------------------------------------- 
Model type: 	MDP (sparse)
States: 	776
Transitions: 	1411
Choices: 	1189
Reward Models:  time, rounds
State Labels: 	3 labels
   * deadlock -> 0 item(s)
   * init -> 1 item(s)
   * done -> 1 item(s)
Choice Labels: 	none
-------------------------------------------------------------- 

Model checking property "TimeRounds": quantile(min TIME, min ROUNDS, Pmax>19/20 [true U^{rew{"time"}<=TIME , rew{"rounds"}<=ROUNDS }"done"]) ...
Number of checked epochs: 512
Number of required precision refinements: 0
Result (for initial states): 
1 Pareto optimal points found:
   (       123,          1 )


Time for model checking: 0.257s.

Performance statistics:
  * peak memory usage: 43MB
  * CPU time: 0.324s
  * wallclock time: 0.292s

real	0m0.354s
user	0m0.335s
sys	0m0.019s
