Storm 1.3.1 (dev)

Date: Fri Feb 22 14:48:19 2019
Command line arguments: --prism wlan/wlan3.prism --prop wlan/quantile.props --constants COL=0 --sound '--native:method' ii --statistics --timemem
Current working directory: /home/tim.quatmann/quantiles/quantiles

 WARN (NativeEquationSolverSettings.cpp:123): Native is not selected as the preferred equation solver, so setting options for native might have no effect.
Time for model input parsing: 0.020s.

Time for model construction: 1.579s.

-------------------------------------------------------------- 
Model type: 	MDP (sparse)
States: 	96302
Transitions: 	204576
Choices: 	123730
Reward Models:  time
State Labels: 	4 labels
   * deadlock -> 0 item(s)
   * (s2 = 12) -> 1324 item(s)
   * init -> 1 item(s)
   * (s1 = 12) -> 1324 item(s)
Choice Labels: 	none
-------------------------------------------------------------- 

Model checking property "time1time2": quantile(min T1, min T2, Pmin>19/20 [multi(true Urew{"time"}<=T1 (s1 = 12), true Urew{"time"}<=T2 (s2 = 12))]) ...
Number of checked epochs: 2428
Number of required precision refinements: 0
Result (for initial states): 
8 Pareto optimal points found:
   (      5600,       6050 )
   (      5650,       5950 )
   (      5700,       5900 )
   (      5750,       5800 )
   (      5800,       5750 )
   (      5900,       5700 )
   (      5950,       5650 )
   (      6050,       5600 )


Time for model checking: 80.667s.

Performance statistics:
  * peak memory usage: 146MB
  * CPU time: 81.740s
  * wallclock time: 82.277s

real	1m22.346s
user	1m21.751s
sys	0m0.489s
