Storm 1.3.1 (dev)

Date: Fri Feb  8 18:38:00 2019
Command line arguments: --prism rover/rover.prism --prop rover/quantile.props --constants GoalValue=100 --exact --statistics --timemem
Current working directory: /home/tim.quatmann/quantiles/quantiles

Time for model input parsing: 0.005s.

Time for model construction: 0.020s.

-------------------------------------------------------------- 
Model type: 	MDP (sparse)
States: 	16
Transitions: 	30
Choices: 	20
Reward Models:  value, time, energy
State Labels: 	3 labels
   * deadlock -> 0 item(s)
   * init -> 1 item(s)
   * done -> 1 item(s)
Choice Labels: 	none
-------------------------------------------------------------- 

Model checking property "timeenergy": quantile(min TIME, min ENERGY, Pmax>19/20 [true U^{rew{"value"}>=100 , rew{"time"}<=TIME , rew{"energy"}<=ENERGY }done]) ...
Number of checked epochs: 266914
Number of required precision refinements: 0
Result (for initial states): 
24 Pareto optimal points found:
   (       115,        135 )
   (       120,        134 )
   (       125,        133 )
   (       130,        132 )
   (       135,        131 )
   (       145,        130 )
   (       150,        129 )
   (       155,        128 )
   (       165,        127 )
   (       170,        126 )
   (       180,        125 )
   (       185,        124 )
   (       195,        123 )
   (       200,        122 )
   (       205,        121 )
   (       215,        120 )
   (       220,        119 )
   (       230,        118 )
   (       235,        117 )
   (       240,        116 )
   (       250,        115 )
   (       255,        114 )
   (       265,        113 )
   (       280,        112 )


Time for model checking: 889.417s.

Performance statistics:
  * peak memory usage: 81MB
  * CPU time: 887.972s
  * wallclock time: 889.448s

real	14m49.611s
user	14m48.078s
sys	0m1.219s
