Storm 1.3.1 (dev)

Date: Sun Feb 10 11:30:52 2019
Command line arguments: --prism resources/resources.prism --prop resources/quantile.props --constants STEPS=250 --exact --statistics --timemem
Current working directory: /home/tim.quatmann/quantiles/quantiles

Time for model input parsing: 0.007s.

Time for model construction: 0.026s.

-------------------------------------------------------------- 
Model type: 	MDP (sparse)
States: 	94
Transitions: 	326
Choices: 	302
Reward Models:  steps, gold, gem
State Labels: 	2 labels
   * deadlock -> 0 item(s)
   * init -> 1 item(s)
Choice Labels: 	none
-------------------------------------------------------------- 

Model checking property "goldgem": quantile(max GOLD, max GEM, Pmax>19/20 [true U^{rew{"gold"}>=GOLD , rew{"gem"}>=GEM , rew{"steps"}<=250 }true]) ...
Number of checked epochs: 130031
Number of required precision refinements: 0
Result (for initial states): 
16 Pareto optimal points found:
   (         0,         25 )
   (         1,         24 )
   (         4,         23 )
   (         7,         22 )
   (         9,         21 )
   (        12,         20 )
   (        15,         19 )
   (        18,         18 )
   (        19,         16 )
   (        20,         13 )
   (        21,         11 )
   (        22,          9 )
   (        23,          6 )
   (        24,          4 )
   (        25,          2 )
   (        26,          0 )


Time for model checking: 146.087s.

Performance statistics:
  * peak memory usage: 175MB
  * CPU time: 146.043s
  * wallclock time: 146.125s

real	2m26.396s
user	2m26.246s
sys	0m0.088s
