Storm 1.3.1 (dev)

Date: Sun Feb 10 03:28:48 2019
Command line arguments: --prism jobsched/jobsched05.prism --prop jobsched/quantile.props --constants BOUND=5 --sound '--native:method' ii --statistics --timemem
Current working directory: /home/tim.quatmann/quantiles/quantiles

 WARN (NativeEquationSolverSettings.cpp:123): Native is not selected as the preferred equation solver, so setting options for native might have no effect.
Time for model input parsing: 0.024s.

Time for model construction: 36.106s.

-------------------------------------------------------------- 
Model type: 	MDP (sparse)
States: 	1032733
Transitions: 	3522572
Choices: 	1714221
Reward Models:  utilityGlobal, energyLocal, energyGlobal
State Labels: 	2 labels
   * deadlock -> 0 item(s)
   * init -> 1 item(s)
Choice Labels: 	none
-------------------------------------------------------------- 

Model checking property "gloLoEnergy": quantile(min glE, min loE, Pmax>19/20 [true U^{rew{"utilityGlobal"}>=5 , rew{"energyGlobal"}<=glE , rew{"energyLocal"}<=loE }true]) ...

real	120m0.316s
user	119m5.021s
sys	0m50.362s
