Storm 1.3.1 (dev)

Date: Fri Feb  8 18:13:44 2019
Command line arguments: --prism rover/rover.prism --prop rover/quantile.props --constants GoalValue=50 --exact --statistics --timemem
Current working directory: /home/tim.quatmann/quantiles/quantiles

Time for model input parsing: 0.005s.

Time for model construction: 0.020s.

-------------------------------------------------------------- 
Model type: 	MDP (sparse)
States: 	16
Transitions: 	30
Choices: 	20
Reward Models:  value, time, energy
State Labels: 	3 labels
   * deadlock -> 0 item(s)
   * init -> 1 item(s)
   * done -> 1 item(s)
Choice Labels: 	none
-------------------------------------------------------------- 

Model checking property "timeenergy": quantile(min TIME, min ENERGY, Pmax>19/20 [true U^{rew{"value"}>=50 , rew{"time"}<=TIME , rew{"energy"}<=ENERGY }done]) ...
Number of checked epochs: 41030
Number of required precision refinements: 0
Result (for initial states): 
12 Pareto optimal points found:
   (        65,         76 )
   (        70,         74 )
   (        80,         73 )
   (        85,         72 )
   (        90,         71 )
   (       100,         70 )
   (       110,         69 )
   (       115,         68 )
   (       125,         67 )
   (       130,         66 )
   (       140,         65 )
   (       150,         64 )


Time for model checking: 33.328s.

Performance statistics:
  * peak memory usage: 49MB
  * CPU time: 33.373s
  * wallclock time: 33.357s

real	0m33.433s
user	0m33.398s
sys	0m0.025s
