Storm 1.3.1 (dev)

Date: Sun Feb 10 05:28:48 2019
Command line arguments: --prism jobsched/jobsched05.prism --prop jobsched/quantile.props --constants BOUND=5 --exact --statistics --timemem
Current working directory: /home/tim.quatmann/quantiles/quantiles

Time for model input parsing: 0.024s.

Time for model construction: 112.427s.

-------------------------------------------------------------- 
Model type: 	MDP (sparse)
States: 	1032733
Transitions: 	3522572
Choices: 	1714221
Reward Models:  utilityGlobal, energyLocal, energyGlobal
State Labels: 	2 labels
   * deadlock -> 0 item(s)
   * init -> 1 item(s)
Choice Labels: 	none
-------------------------------------------------------------- 

Model checking property "gloLoEnergy": quantile(min glE, min loE, Pmax>19/20 [true U^{rew{"utilityGlobal"}>=5 , rew{"energyGlobal"}<=glE , rew{"energyLocal"}<=loE }true]) ...

real	120m1.768s
user	116m3.191s
sys	3m51.746s
